{"meta": {"format": 3, "version": "7.11.0", "timestamp": "2025-11-09T09:36:26.088600", "branch_coverage": true, "show_contexts": false}, "files": {"src/midi_markdown/__init__.py": {"executed_lines": [1, 3, 5], "summary": {"covered_lines": 2, "num_statements": 2, "percent_covered": 100.0, "percent_covered_display": "100.00", "missing_lines": 0, "excluded_lines": 0, "num_branches": 0, "num_partial_branches": 0, "covered_branches": 0, "missing_branches": 0}, "missing_lines": [], "excluded_lines": [], "executed_branches": [], "missing_branches": [], "functions": {"": {"executed_lines": [1, 3, 5], "summary": {"covered_lines": 2, "num_statements": 2, "percent_covered": 100.0, "percent_covered_display": "100.00", "missing_lines": 0, "excluded_lines": 0, "num_branches": 0, "num_partial_branches": 0, "covered_branches": 0, "missing_branches": 0}, "missing_lines": [], "excluded_lines": [], "executed_branches": [], "missing_branches": []}}, "classes": {"": {"executed_lines": [1, 3, 5], "summary": {"covered_lines": 2, "num_statements": 2, "percent_covered": 100.0, "percent_covered_display": "100.00", "missing_lines": 0, "excluded_lines": 0, "num_branches": 0, "num_partial_branches": 0, "covered_branches": 0, "missing_branches": 0}, "missing_lines": [], "excluded_lines": [], "executed_branches": [], "missing_branches": []}}}, "src/midi_markdown/alias/__init__.py": {"executed_lines": [1, 6, 7, 8, 9, 10, 11, 13], "summary": {"covered_lines": 7, "num_statements": 7, "percent_covered": 100.0, "percent_covered_display": "100.00", "missing_lines": 0, "excluded_lines": 0, "num_branches": 0, "num_partial_branches": 0, "covered_branches": 0, "missing_branches": 0}, "missing_lines": [], "excluded_lines": [], "executed_branches": [], "missing_branches": [], "functions": {"": {"executed_lines": [1, 6, 7, 8, 9, 10, 11, 13], "summary": {"covered_lines": 7, "num_statements": 7, "percent_covered": 100.0, "percent_covered_display": "100.00", "missing_lines": 0, "excluded_lines": 0, "num_branches": 0, "num_partial_branches": 0, "covered_branches": 0, "missing_branches": 0}, "missing_lines": [], "excluded_lines": [], "executed_branches": [], "missing_branches": []}}, "classes": {"": {"executed_lines": [1, 6, 7, 8, 9, 10, 11, 13], "summary": {"covered_lines": 7, "num_statements": 7, "percent_covered": 100.0, "percent_covered_display": "100.00", "missing_lines": 0, "excluded_lines": 0, "num_branches": 0, "num_partial_branches": 0, "covered_branches": 0, "missing_branches": 0}, "missing_lines": [], "excluded_lines": [], "executed_branches": [], "missing_branches": []}}}, "src/midi_markdown/alias/computation.py": {"executed_lines": [1, 7, 9, 10, 11, 12, 13, 14, 16, 19, 20, 23, 24, 44, 45, 48, 69, 82, 84, 85, 88, 99, 104, 118, 119, 122, 123, 130, 131, 132, 135, 136, 137, 140, 141, 151, 152, 154, 156, 157, 159, 161, 162, 165, 179, 185, 190, 192, 197, 198, 199, 200, 201, 202, 205, 206, 213, 232, 235, 236, 237, 238, 241, 244, 256, 257, 258, 259, 260, 262, 263, 264, 265, 266, 270, 271, 273, 282, 283, 286, 287, 293, 294, 295, 296, 297, 308, 312, 315, 329, 330, 331, 337, 338, 339, 341, 342, 343, 344, 346, 347, 348, 349, 351, 352, 354, 355, 356, 358, 359, 361, 362, 363, 367, 370, 371, 372, 373, 377, 384, 386, 388, 393, 394, 397, 398, 400, 402, 404, 406, 408, 415, 416, 432, 436, 437, 438, 439, 440, 442, 443], "summary": {"covered_lines": 138, "num_statements": 167, "percent_covered": 77.14285714285714, "percent_covered_display": "77.14", "missing_lines": 29, "excluded_lines": 0, "num_branches": 78, "num_partial_branches": 17, "covered_branches": 51, "missing_branches": 27}, "missing_lines": [144, 145, 146, 147, 148, 163, 167, 168, 175, 176, 177, 181, 182, 183, 187, 188, 207, 208, 211, 261, 303, 309, 313, 350, 357, 364, 375, 433, 447], "excluded_lines": [], "executed_branches": [[118, 119], [118, 151], [122, 123], [122, 135], [135, 136], [135, 140], [140, 141], [151, 152], [151, 205], [154, 156], [154, 159], [159, 161], [159, 165], [161, 162], [165, 179], [179, 185], [185, 190], [190, 192], [192, 197], [198, 199], [205, 206], [282, -273], [282, 283], [286, 287], [286, 293], [293, 294], [293, 308], [294, 295], [296, 297], [296, 308], [308, 312], [312, 282], [330, 331], [330, 337], [337, 338], [337, 339], [339, 341], [339, 344], [341, 342], [341, 343], [344, 346], [344, 352], [349, 351], [352, 354], [352, 359], [356, 358], [359, 361], [363, 367], [393, 394], [393, 397], [436, 437]], "missing_branches": [[140, 144], [144, 145], [144, 211], [161, 163], [165, 167], [167, 168], [167, 211], [179, 181], [181, 182], [181, 211], [185, 187], [187, 188], [187, 211], [190, 211], [192, 211], [198, 211], [205, 207], [207, 208], [207, 211], [294, 303], [308, 309], [312, 313], [349, 350], [356, 357], [359, 375], [363, 364], [436, 447]], "functions": {"SafeComputationEngine.__init__": {"executed_lines": [84, 85, 88, 99], "summary": {"covered_lines": 4, "num_statements": 4, "percent_covered": 100.0, "percent_covered_display": "100.00", "missing_lines": 0, "excluded_lines": 0, "num_branches": 0, "num_partial_branches": 0, "covered_branches": 0, "missing_branches": 0}, "missing_lines": [], "excluded_lines": [], "executed_branches": [], "missing_branches": []}, "SafeComputationEngine.lark_tree_to_python": {"executed_lines": [118, 119, 122, 123, 130, 131, 132, 135, 136, 137, 140, 141, 151, 152, 154, 156, 157, 159, 161, 162, 165, 179, 185, 190, 192, 197, 198, 199, 200, 201, 202, 205, 206], "summary": {"covered_lines": 33, "num_statements": 52, "percent_covered": 58.69565217391305, "percent_covered_display": "58.70", "missing_lines": 19, "excluded_lines": 0, "num_branches": 40, "num_partial_branches": 9, "covered_branches": 21, "missing_branches": 19}, "missing_lines": [144, 145, 146, 147, 148, 163, 167, 168, 175, 176, 177, 181, 182, 183, 187, 188, 207, 208, 211], "excluded_lines": [], "executed_branches": [[118, 119], [118, 151], [122, 123], [122, 135], [135, 136], [135, 140], [140, 141], [151, 152], [151, 205], [154, 156], [154, 159], [159, 161], [159, 165], [161, 162], [165, 179], [179, 185], [185, 190], [190, 192], [192, 197], [198, 199], [205, 206]], "missing_branches": [[140, 144], [144, 145], [144, 211], [161, 163], [165, 167], [167, 168], [167, 211], [179, 181], [181, 182], [181, 211], [185, 187], [187, 188], [187, 211], [190, 211], [192, 211], [198, 211], [205, 207], [207, 208], [207, 211]]}, "SafeComputationEngine.evaluate_expression": {"executed_lines": [232, 235, 236, 237, 238, 241, 244, 256, 257, 258, 259, 260, 262, 263, 264, 265, 266, 270, 271], "summary": {"covered_lines": 19, "num_statements": 20, "percent_covered": 95.0, "percent_covered_display": "95.00", "missing_lines": 1, "excluded_lines": 0, "num_branches": 0, "num_partial_branches": 0, "covered_branches": 0, "missing_branches": 0}, "missing_lines": [261], "excluded_lines": [], "executed_branches": [], "missing_branches": []}, "SafeComputationEngine._validate_ast": {"executed_lines": [282, 283, 286, 287, 293, 294, 295, 296, 297, 308, 312], "summary": {"covered_lines": 11, "num_statements": 14, "percent_covered": 78.57142857142857, "percent_covered_display": "78.57", "missing_lines": 3, "excluded_lines": 0, "num_branches": 14, "num_partial_branches": 3, "covered_branches": 11, "missing_branches": 3}, "missing_lines": [303, 309, 313], "excluded_lines": [], "executed_branches": [[282, -273], [282, 283], [286, 287], [286, 293], [293, 294], [293, 308], [294, 295], [296, 297], [296, 308], [308, 312], [312, 282]], "missing_branches": [[294, 303], [308, 309], [312, 313]]}, "SafeComputationEngine._eval_node": {"executed_lines": [329, 330, 331, 337, 338, 339, 341, 342, 343, 344, 346, 347, 348, 349, 351, 352, 354, 355, 356, 358, 359, 361, 362, 363, 367, 370, 371, 372, 373], "summary": {"covered_lines": 29, "num_statements": 33, "percent_covered": 84.90566037735849, "percent_covered_display": "84.91", "missing_lines": 4, "excluded_lines": 0, "num_branches": 20, "num_partial_branches": 4, "covered_branches": 16, "missing_branches": 4}, "missing_lines": [350, 357, 364, 375], "excluded_lines": [], "executed_branches": [[330, 331], [330, 337], [337, 338], [337, 339], [339, 341], [339, 344], [341, 342], [341, 343], [344, 346], [344, 352], [349, 351], [352, 354], [352, 359], [356, 358], [359, 361], [363, 367]], "missing_branches": [[349, 350], [356, 357], [359, 375], [363, 364]]}, "SafeComputationEngine._create_midi_functions": {"executed_lines": [384, 388, 400, 404, 408], "summary": {"covered_lines": 5, "num_statements": 5, "percent_covered": 100.0, "percent_covered_display": "100.00", "missing_lines": 0, "excluded_lines": 0, "num_branches": 0, "num_partial_branches": 0, "covered_branches": 0, "missing_branches": 0}, "missing_lines": [], "excluded_lines": [], "executed_branches": [], "missing_branches": []}, "SafeComputationEngine._create_midi_functions.clamp": {"executed_lines": [386], "summary": {"covered_lines": 1, "num_statements": 1, "percent_covered": 100.0, "percent_covered_display": "100.00", "missing_lines": 0, "excluded_lines": 0, "num_branches": 0, "num_partial_branches": 0, "covered_branches": 0, "missing_branches": 0}, "missing_lines": [], "excluded_lines": [], "executed_branches": [], "missing_branches": []}, "SafeComputationEngine._create_midi_functions.scale_range": {"executed_lines": [393, 394, 397, 398], "summary": {"covered_lines": 4, "num_statements": 4, "percent_covered": 100.0, "percent_covered_display": "100.00", "missing_lines": 0, "excluded_lines": 0, "num_branches": 2, "num_partial_branches": 0, "covered_branches": 2, "missing_branches": 0}, "missing_lines": [], "excluded_lines": [], "executed_branches": [[393, 394], [393, 397]], "missing_branches": []}, "SafeComputationEngine._create_midi_functions.msb": {"executed_lines": [402], "summary": {"covered_lines": 1, "num_statements": 1, "percent_covered": 100.0, "percent_covered_display": "100.00", "missing_lines": 0, "excluded_lines": 0, "num_branches": 0, "num_partial_branches": 0, "covered_branches": 0, "missing_branches": 0}, "missing_lines": [], "excluded_lines": [], "executed_branches": [], "missing_branches": []}, "SafeComputationEngine._create_midi_functions.lsb": {"executed_lines": [406], "summary": {"covered_lines": 1, "num_statements": 1, "percent_covered": 100.0, "percent_covered_display": "100.00", "missing_lines": 0, "excluded_lines": 0, "num_branches": 0, "num_partial_branches": 0, "covered_branches": 0, "missing_branches": 0}, "missing_lines": [], "excluded_lines": [], "executed_branches": [], "missing_branches": []}, "SafeComputationEngine._timeout": {"executed_lines": [432, 436, 437, 438, 439, 440, 442, 443], "summary": {"covered_lines": 8, "num_statements": 9, "percent_covered": 81.81818181818181, "percent_covered_display": "81.82", "missing_lines": 1, "excluded_lines": 0, "num_branches": 2, "num_partial_branches": 1, "covered_branches": 1, "missing_branches": 1}, "missing_lines": [447], "excluded_lines": [], "executed_branches": [[436, 437]], "missing_branches": [[436, 447]]}, "SafeComputationEngine._timeout.timeout_handler": {"executed_lines": [], "summary": {"covered_lines": 0, "num_statements": 1, "percent_covered": 0.0, "percent_covered_display": "0.00", "missing_lines": 1, "excluded_lines": 0, "num_branches": 0, "num_partial_branches": 0, "covered_branches": 0, "missing_branches": 0}, "missing_lines": [433], "excluded_lines": [], "executed_branches": [], "missing_branches": []}, "": {"executed_lines": [1, 7, 9, 10, 11, 12, 13, 14, 16, 19, 20, 23, 24, 44, 45, 48, 69, 82, 104, 213, 273, 315, 377, 415, 416], "summary": {"covered_lines": 22, "num_statements": 22, "percent_covered": 100.0, "percent_covered_display": "100.00", "missing_lines": 0, "excluded_lines": 0, "num_branches": 0, "num_partial_branches": 0, "covered_branches": 0, "missing_branches": 0}, "missing_lines": [], "excluded_lines": [], "executed_branches": [], "missing_branches": []}}, "classes": {"ComputationTimeoutError": {"executed_lines": [], "summary": {"covered_lines": 0, "num_statements": 0, "percent_covered": 100.0, "percent_covered_display": "100.00", "missing_lines": 0, "excluded_lines": 0, "num_branches": 0, "num_partial_branches": 0, "covered_branches": 0, "missing_branches": 0}, "missing_lines": [], "excluded_lines": [], "executed_branches": [], "missing_branches": []}, "SafeComputationEngine": {"executed_lines": [84, 85, 88, 99, 118, 119, 122, 123, 130, 131, 132, 135, 136, 137, 140, 141, 151, 152, 154, 156, 157, 159, 161, 162, 165, 179, 185, 190, 192, 197, 198, 199, 200, 201, 202, 205, 206, 232, 235, 236, 237, 238, 241, 244, 256, 257, 258, 259, 260, 262, 263, 264, 265, 266, 270, 271, 282, 283, 286, 287, 293, 294, 295, 296, 297, 308, 312, 329, 330, 331, 337, 338, 339, 341, 342, 343, 344, 346, 347, 348, 349, 351, 352, 354, 355, 356, 358, 359, 361, 362, 363, 367, 370, 371, 372, 373, 384, 386, 388, 393, 394, 397, 398, 400, 402, 404, 406, 408, 432, 436, 437, 438, 439, 440, 442, 443], "summary": {"covered_lines": 116, "num_statements": 145, "percent_covered": 74.88789237668162, "percent_covered_display": "74.89", "missing_lines": 29, "excluded_lines": 0, "num_branches": 78, "num_partial_branches": 17, "covered_branches": 51, "missing_branches": 27}, "missing_lines": [144, 145, 146, 147, 148, 163, 167, 168, 175, 176, 177, 181, 182, 183, 187, 188, 207, 208, 211, 261, 303, 309, 313, 350, 357, 364, 375, 433, 447], "excluded_lines": [], "executed_branches": [[118, 119], [118, 151], [122, 123], [122, 135], [135, 136], [135, 140], [140, 141], [151, 152], [151, 205], [154, 156], [154, 159], [159, 161], [159, 165], [161, 162], [165, 179], [179, 185], [185, 190], [190, 192], [192, 197], [198, 199], [205, 206], [282, -273], [282, 283], [286, 287], [286, 293], [293, 294], [293, 308], [294, 295], [296, 297], [296, 308], [308, 312], [312, 282], [330, 331], [330, 337], [337, 338], [337, 339], [339, 341], [339, 344], [341, 342], [341, 343], [344, 346], [344, 352], [349, 351], [352, 354], [352, 359], [356, 358], [359, 361], [363, 367], [393, 394], [393, 397], [436, 437]], "missing_branches": [[140, 144], [144, 145], [144, 211], [161, 163], [165, 167], [167, 168], [167, 211], [179, 181], [181, 182], [181, 211], [185, 187], [187, 188], [187, 211], [190, 211], [192, 211], [198, 211], [205, 207], [207, 208], [207, 211], [294, 303], [308, 309], [312, 313], [349, 350], [356, 357], [359, 375], [363, 364], [436, 447]]}, "": {"executed_lines": [1, 7, 9, 10, 11, 12, 13, 14, 16, 19, 20, 23, 24, 44, 45, 48, 69, 82, 104, 213, 273, 315, 377, 415, 416], "summary": {"covered_lines": 22, "num_statements": 22, "percent_covered": 100.0, "percent_covered_display": "100.00", "missing_lines": 0, "excluded_lines": 0, "num_branches": 0, "num_partial_branches": 0, "covered_branches": 0, "missing_branches": 0}, "missing_lines": [], "excluded_lines": [], "executed_branches": [], "missing_branches": []}}}, "src/midi_markdown/alias/conditionals.py": {"executed_lines": [1, 8, 10, 12, 15, 16, 29, 31, 51, 52, 54, 55, 57, 58, 59, 61, 62, 67, 69, 86, 88, 89, 91, 94, 96, 110, 111, 112, 113, 114, 115, 116, 117, 118, 119, 120, 121, 122, 126, 127, 129, 159, 161, 162, 165, 166, 167, 174], "summary": {"covered_lines": 46, "num_statements": 49, "percent_covered": 94.8051948051948, "percent_covered_display": "94.81", "missing_lines": 3, "excluded_lines": 0, "num_branches": 28, "num_partial_branches": 1, "covered_branches": 27, "missing_branches": 1}, "missing_lines": [124, 168, 171], "excluded_lines": [], "executed_branches": [[51, 52], [51, 54], [54, 55], [54, 57], [61, 62], [61, 67], [86, 88], [86, 94], [88, 89], [88, 91], [111, 112], [111, 113], [113, 114], [113, 115], [115, 116], [115, 117], [117, 118], [117, 119], [119, 120], [119, 121], [121, 122], [159, 161], [159, 174], [161, 162], [161, 165], [166, 159], [166, 167]], "missing_branches": [[121, 124]], "functions": {"ConditionalEvaluator.evaluate_condition": {"executed_lines": [51, 52, 54, 55, 57, 58, 59, 61, 62, 67], "summary": {"covered_lines": 10, "num_statements": 10, "percent_covered": 100.0, "percent_covered_display": "100.00", "missing_lines": 0, "excluded_lines": 0, "num_branches": 6, "num_partial_branches": 0, "covered_branches": 6, "missing_branches": 0}, "missing_lines": [], "excluded_lines": [], "executed_branches": [[51, 52], [51, 54], [54, 55], [54, 57], [61, 62], [61, 67]], "missing_branches": []}, "ConditionalEvaluator._resolve_value": {"executed_lines": [86, 88, 89, 91, 94], "summary": {"covered_lines": 5, "num_statements": 5, "percent_covered": 100.0, "percent_covered_display": "100.00", "missing_lines": 0, "excluded_lines": 0, "num_branches": 4, "num_partial_branches": 0, "covered_branches": 4, "missing_branches": 0}, "missing_lines": [], "excluded_lines": [], "executed_branches": [[86, 88], [86, 94], [88, 89], [88, 91]], "missing_branches": []}, "ConditionalEvaluator._apply_operator": {"executed_lines": [110, 111, 112, 113, 114, 115, 116, 117, 118, 119, 120, 121, 122, 126, 127], "summary": {"covered_lines": 15, "num_statements": 16, "percent_covered": 92.85714285714286, "percent_covered_display": "92.86", "missing_lines": 1, "excluded_lines": 0, "num_branches": 12, "num_partial_branches": 1, "covered_branches": 11, "missing_branches": 1}, "missing_lines": [124], "excluded_lines": [], "executed_branches": [[111, 112], [111, 113], [113, 114], [113, 115], [115, 116], [115, 117], [117, 118], [117, 119], [119, 120], [119, 121], [121, 122]], "missing_branches": [[121, 124]]}, "ConditionalEvaluator.select_branch": {"executed_lines": [159, 161, 162, 165, 166, 167, 174], "summary": {"covered_lines": 7, "num_statements": 9, "percent_covered": 86.66666666666667, "percent_covered_display": "86.67", "missing_lines": 2, "excluded_lines": 0, "num_branches": 6, "num_partial_branches": 0, "covered_branches": 6, "missing_branches": 0}, "missing_lines": [168, 171], "excluded_lines": [], "executed_branches": [[159, 161], [159, 174], [161, 162], [161, 165], [166, 159], [166, 167]], "missing_branches": []}, "": {"executed_lines": [1, 8, 10, 12, 15, 16, 29, 31, 69, 96, 129], "summary": {"covered_lines": 9, "num_statements": 9, "percent_covered": 100.0, "percent_covered_display": "100.00", "missing_lines": 0, "excluded_lines": 0, "num_branches": 0, "num_partial_branches": 0, "covered_branches": 0, "missing_branches": 0}, "missing_lines": [], "excluded_lines": [], "executed_branches": [], "missing_branches": []}}, "classes": {"ConditionalEvaluator": {"executed_lines": [51, 52, 54, 55, 57, 58, 59, 61, 62, 67, 86, 88, 89, 91, 94, 110, 111, 112, 113, 114, 115, 116, 117, 118, 119, 120, 121, 122, 126, 127, 159, 161, 162, 165, 166, 167, 174], "summary": {"covered_lines": 37, "num_statements": 40, "percent_covered": 94.11764705882354, "percent_covered_display": "94.12", "missing_lines": 3, "excluded_lines": 0, "num_branches": 28, "num_partial_branches": 1, "covered_branches": 27, "missing_branches": 1}, "missing_lines": [124, 168, 171], "excluded_lines": [], "executed_branches": [[51, 52], [51, 54], [54, 55], [54, 57], [61, 62], [61, 67], [86, 88], [86, 94], [88, 89], [88, 91], [111, 112], [111, 113], [113, 114], [113, 115], [115, 116], [115, 117], [117, 118], [117, 119], [119, 120], [119, 121], [121, 122], [159, 161], [159, 174], [161, 162], [161, 165], [166, 159], [166, 167]], "missing_branches": [[121, 124]]}, "": {"executed_lines": [1, 8, 10, 12, 15, 16, 29, 31, 69, 96, 129], "summary": {"covered_lines": 9, "num_statements": 9, "percent_covered": 100.0, "percent_covered_display": "100.00", "missing_lines": 0, "excluded_lines": 0, "num_branches": 0, "num_partial_branches": 0, "covered_branches": 0, "missing_branches": 0}, "missing_lines": [], "excluded_lines": [], "executed_branches": [], "missing_branches": []}}}, "src/midi_markdown/alias/errors.py": {"executed_lines": [1, 7, 9, 12, 13, 16, 17, 25, 26, 37, 47, 48, 50, 52, 56, 58, 64, 67, 68, 81, 98, 99, 100, 101, 103, 105, 109, 115], "summary": {"covered_lines": 23, "num_statements": 23, "percent_covered": 92.5925925925926, "percent_covered_display": "92.59", "missing_lines": 0, "excluded_lines": 0, "num_branches": 4, "num_partial_branches": 2, "covered_branches": 2, "missing_branches": 2}, "missing_lines": [], "excluded_lines": [], "executed_branches": [[50, 52], [103, 105]], "missing_branches": [[50, 64], [103, 115]], "functions": {"AliasRecursionError.__init__": {"executed_lines": [47, 48, 50, 52, 56, 58, 64], "summary": {"covered_lines": 7, "num_statements": 7, "percent_covered": 88.88888888888889, "percent_covered_display": "88.89", "missing_lines": 0, "excluded_lines": 0, "num_branches": 2, "num_partial_branches": 1, "covered_branches": 1, "missing_branches": 1}, "missing_lines": [], "excluded_lines": [], "executed_branches": [[50, 52]], "missing_branches": [[50, 64]]}, "AliasMaxDepthError.__init__": {"executed_lines": [98, 99, 100, 101, 103, 105, 109, 115], "summary": {"covered_lines": 8, "num_statements": 8, "percent_covered": 90.0, "percent_covered_display": "90.00", "missing_lines": 0, "excluded_lines": 0, "num_branches": 2, "num_partial_branches": 1, "covered_branches": 1, "missing_branches": 1}, "missing_lines": [], "excluded_lines": [], "executed_branches": [[103, 105]], "missing_branches": [[103, 115]]}, "": {"executed_lines": [1, 7, 9, 12, 13, 16, 17, 25, 26, 37, 67, 68, 81], "summary": {"covered_lines": 8, "num_statements": 8, "percent_covered": 100.0, "percent_covered_display": "100.00", "missing_lines": 0, "excluded_lines": 0, "num_branches": 0, "num_partial_branches": 0, "covered_branches": 0, "missing_branches": 0}, "missing_lines": [], "excluded_lines": [], "executed_branches": [], "missing_branches": []}}, "classes": {"AliasError": {"executed_lines": [], "summary": {"covered_lines": 0, "num_statements": 0, "percent_covered": 100.0, "percent_covered_display": "100.00", "missing_lines": 0, "excluded_lines": 0, "num_branches": 0, "num_partial_branches": 0, "covered_branches": 0, "missing_branches": 0}, "missing_lines": [], "excluded_lines": [], "executed_branches": [], "missing_branches": []}, "ComputationError": {"executed_lines": [], "summary": {"covered_lines": 0, "num_statements": 0, "percent_covered": 100.0, "percent_covered_display": "100.00", "missing_lines": 0, "excluded_lines": 0, "num_branches": 0, "num_partial_branches": 0, "covered_branches": 0, "missing_branches": 0}, "missing_lines": [], "excluded_lines": [], "executed_branches": [], "missing_branches": []}, "AliasRecursionError": {"executed_lines": [47, 48, 50, 52, 56, 58, 64], "summary": {"covered_lines": 7, "num_statements": 7, "percent_covered": 88.88888888888889, "percent_covered_display": "88.89", "missing_lines": 0, "excluded_lines": 0, "num_branches": 2, "num_partial_branches": 1, "covered_branches": 1, "missing_branches": 1}, "missing_lines": [], "excluded_lines": [], "executed_branches": [[50, 52]], "missing_branches": [[50, 64]]}, "AliasMaxDepthError": {"executed_lines": [98, 99, 100, 101, 103, 105, 109, 115], "summary": {"covered_lines": 8, "num_statements": 8, "percent_covered": 90.0, "percent_covered_display": "90.00", "missing_lines": 0, "excluded_lines": 0, "num_branches": 2, "num_partial_branches": 1, "covered_branches": 1, "missing_branches": 1}, "missing_lines": [], "excluded_lines": [], "executed_branches": [[103, 105]], "missing_branches": [[103, 115]]}, "": {"executed_lines": [1, 7, 9, 12, 13, 16, 17, 25, 26, 37, 67, 68, 81], "summary": {"covered_lines": 8, "num_statements": 8, "percent_covered": 100.0, "percent_covered_display": "100.00", "missing_lines": 0, "excluded_lines": 0, "num_branches": 0, "num_partial_branches": 0, "covered_branches": 0, "missing_branches": 0}, "missing_lines": [], "excluded_lines": [], "executed_branches": [], "missing_branches": []}}}, "src/midi_markdown/alias/imports.py": {"executed_lines": [1, 10, 12, 13, 15, 18, 19, 22, 23, 26, 27, 44, 50, 51, 53, 73, 76, 77, 80, 81, 82, 85, 87, 105, 107, 109, 110, 111, 116, 139, 140, 143, 144, 147, 150, 151, 157, 158, 159, 160, 169, 172, 175, 176, 177, 180, 181, 191, 194, 196, 198, 216, 218, 220, 223, 226, 227, 228, 234, 236, 238, 243], "summary": {"covered_lines": 58, "num_statements": 62, "percent_covered": 94.04761904761905, "percent_covered_display": "94.05", "missing_lines": 4, "excluded_lines": 0, "num_branches": 22, "num_partial_branches": 1, "covered_branches": 21, "missing_branches": 1}, "missing_lines": [161, 162, 183, 184], "excluded_lines": [], "executed_branches": [[76, 77], [76, 80], [80, 81], [80, 85], [107, -87], [107, 109], [143, 144], [143, 147], [150, 151], [150, 157], [175, 176], [175, 194], [180, 175], [180, 181], [181, 191], [218, 220], [218, 236], [226, 218], [226, 227], [227, 228], [227, 234]], "missing_branches": [[181, 183]], "functions": {"ImportManager.__init__": {"executed_lines": [50, 51], "summary": {"covered_lines": 2, "num_statements": 2, "percent_covered": 100.0, "percent_covered_display": "100.00", "missing_lines": 0, "excluded_lines": 0, "num_branches": 0, "num_partial_branches": 0, "covered_branches": 0, "missing_branches": 0}, "missing_lines": [], "excluded_lines": [], "executed_branches": [], "missing_branches": []}, "ImportManager.resolve_path": {"executed_lines": [73, 76, 77, 80, 81, 82, 85], "summary": {"covered_lines": 7, "num_statements": 7, "percent_covered": 100.0, "percent_covered_display": "100.00", "missing_lines": 0, "excluded_lines": 0, "num_branches": 4, "num_partial_branches": 0, "covered_branches": 4, "missing_branches": 0}, "missing_lines": [], "excluded_lines": [], "executed_branches": [[76, 77], [76, 80], [80, 81], [80, 85]], "missing_branches": []}, "ImportManager.check_circular_import": {"executed_lines": [105, 107, 109, 110, 111], "summary": {"covered_lines": 5, "num_statements": 5, "percent_covered": 100.0, "percent_covered_display": "100.00", "missing_lines": 0, "excluded_lines": 0, "num_branches": 2, "num_partial_branches": 0, "covered_branches": 2, "missing_branches": 0}, "missing_lines": [], "excluded_lines": [], "executed_branches": [[107, -87], [107, 109]], "missing_branches": []}, "ImportManager.load_library": {"executed_lines": [139, 140, 143, 144, 147, 150, 151, 157, 158, 159, 160, 169, 172, 175, 176, 177, 180, 181, 191, 194, 196], "summary": {"covered_lines": 21, "num_statements": 25, "percent_covered": 85.71428571428571, "percent_covered_display": "85.71", "missing_lines": 4, "excluded_lines": 0, "num_branches": 10, "num_partial_branches": 1, "covered_branches": 9, "missing_branches": 1}, "missing_lines": [161, 162, 183, 184], "excluded_lines": [], "executed_branches": [[143, 144], [143, 147], [150, 151], [150, 157], [175, 176], [175, 194], [180, 175], [180, 181], [181, 191]], "missing_branches": [[181, 183]]}, "ImportManager.resolve_imports": {"executed_lines": [216, 218, 220, 223, 226, 227, 228, 234, 236], "summary": {"covered_lines": 9, "num_statements": 9, "percent_covered": 100.0, "percent_covered_display": "100.00", "missing_lines": 0, "excluded_lines": 0, "num_branches": 6, "num_partial_branches": 0, "covered_branches": 6, "missing_branches": 0}, "missing_lines": [], "excluded_lines": [], "executed_branches": [[218, 220], [218, 236], [226, 218], [226, 227], [227, 228], [227, 234]], "missing_branches": []}, "ImportManager.clear_cache": {"executed_lines": [243], "summary": {"covered_lines": 1, "num_statements": 1, "percent_covered": 100.0, "percent_covered_display": "100.00", "missing_lines": 0, "excluded_lines": 0, "num_branches": 0, "num_partial_branches": 0, "covered_branches": 0, "missing_branches": 0}, "missing_lines": [], "excluded_lines": [], "executed_branches": [], "missing_branches": []}, "": {"executed_lines": [1, 10, 12, 13, 15, 18, 19, 22, 23, 26, 27, 44, 53, 87, 116, 198, 238], "summary": {"covered_lines": 13, "num_statements": 13, "percent_covered": 100.0, "percent_covered_display": "100.00", "missing_lines": 0, "excluded_lines": 0, "num_branches": 0, "num_partial_branches": 0, "covered_branches": 0, "missing_branches": 0}, "missing_lines": [], "excluded_lines": [], "executed_branches": [], "missing_branches": []}}, "classes": {"ImportError": {"executed_lines": [], "summary": {"covered_lines": 0, "num_statements": 0, "percent_covered": 100.0, "percent_covered_display": "100.00", "missing_lines": 0, "excluded_lines": 0, "num_branches": 0, "num_partial_branches": 0, "covered_branches": 0, "missing_branches": 0}, "missing_lines": [], "excluded_lines": [], "executed_branches": [], "missing_branches": []}, "CircularImportError": {"executed_lines": [], "summary": {"covered_lines": 0, "num_statements": 0, "percent_covered": 100.0, "percent_covered_display": "100.00", "missing_lines": 0, "excluded_lines": 0, "num_branches": 0, "num_partial_branches": 0, "covered_branches": 0, "missing_branches": 0}, "missing_lines": [], "excluded_lines": [], "executed_branches": [], "missing_branches": []}, "ImportManager": {"executed_lines": [50, 51, 73, 76, 77, 80, 81, 82, 85, 105, 107, 109, 110, 111, 139, 140, 143, 144, 147, 150, 151, 157, 158, 159, 160, 169, 172, 175, 176, 177, 180, 181, 191, 194, 196, 216, 218, 220, 223, 226, 227, 228, 234, 236, 243], "summary": {"covered_lines": 45, "num_statements": 49, "percent_covered": 92.95774647887323, "percent_covered_display": "92.96", "missing_lines": 4, "excluded_lines": 0, "num_branches": 22, "num_partial_branches": 1, "covered_branches": 21, "missing_branches": 1}, "missing_lines": [161, 162, 183, 184], "excluded_lines": [], "executed_branches": [[76, 77], [76, 80], [80, 81], [80, 85], [107, -87], [107, 109], [143, 144], [143, 147], [150, 151], [150, 157], [175, 176], [175, 194], [180, 175], [180, 181], [181, 191], [218, 220], [218, 236], [226, 218], [226, 227], [227, 228], [227, 234]], "missing_branches": [[181, 183]]}, "": {"executed_lines": [1, 10, 12, 13, 15, 18, 19, 22, 23, 26, 27, 44, 53, 87, 116, 198, 238], "summary": {"covered_lines": 13, "num_statements": 13, "percent_covered": 100.0, "percent_covered_display": "100.00", "missing_lines": 0, "excluded_lines": 0, "num_branches": 0, "num_partial_branches": 0, "covered_branches": 0, "missing_branches": 0}, "missing_lines": [], "excluded_lines": [], "executed_branches": [], "missing_branches": []}}}, "src/midi_markdown/alias/models.py": {"executed_lines": [1, 7, 9, 10, 13, 14, 15, 28, 29, 30, 31, 32, 34, 55, 69, 70, 71, 82, 83, 84, 86, 95, 106, 117, 125, 133], "summary": {"covered_lines": 23, "num_statements": 37, "percent_covered": 58.97435897435897, "percent_covered_display": "58.97", "missing_lines": 14, "excluded_lines": 0, "num_branches": 2, "num_partial_branches": 0, "covered_branches": 0, "missing_branches": 2}, "missing_lines": [46, 47, 49, 50, 51, 53, 65, 66, 93, 104, 115, 123, 131, 139], "excluded_lines": [], "executed_branches": [], "missing_branches": [[49, 50], [49, 53]], "functions": {"ExpansionNode.get_call_chain": {"executed_lines": [], "summary": {"covered_lines": 0, "num_statements": 6, "percent_covered": 0.0, "percent_covered_display": "0.00", "missing_lines": 6, "excluded_lines": 0, "num_branches": 2, "num_partial_branches": 0, "covered_branches": 0, "missing_branches": 2}, "missing_lines": [46, 47, 49, 50, 51, 53], "excluded_lines": [], "executed_branches": [], "missing_branches": [[49, 50], [49, 53]]}, "ExpansionNode.get_chain_display": {"executed_lines": [], "summary": {"covered_lines": 0, "num_statements": 2, "percent_covered": 0.0, "percent_covered_display": "0.00", "missing_lines": 2, "excluded_lines": 0, "num_branches": 0, "num_partial_branches": 0, "covered_branches": 0, "missing_branches": 0}, "missing_lines": [65, 66], "excluded_lines": [], "executed_branches": [], "missing_branches": []}, "ExpansionContext.push": {"executed_lines": [], "summary": {"covered_lines": 0, "num_statements": 1, "percent_covered": 0.0, "percent_covered_display": "0.00", "missing_lines": 1, "excluded_lines": 0, "num_branches": 0, "num_partial_branches": 0, "covered_branches": 0, "missing_branches": 0}, "missing_lines": [93], "excluded_lines": [], "executed_branches": [], "missing_branches": []}, "ExpansionContext.pop": {"executed_lines": [], "summary": {"covered_lines": 0, "num_statements": 1, "percent_covered": 0.0, "percent_covered_display": "0.00", "missing_lines": 1, "excluded_lines": 0, "num_branches": 0, "num_partial_branches": 0, "covered_branches": 0, "missing_branches": 0}, "missing_lines": [104], "excluded_lines": [], "executed_branches": [], "missing_branches": []}, "ExpansionContext.is_in_stack": {"executed_lines": [], "summary": {"covered_lines": 0, "num_statements": 1, "percent_covered": 0.0, "percent_covered_display": "0.00", "missing_lines": 1, "excluded_lines": 0, "num_branches": 0, "num_partial_branches": 0, "covered_branches": 0, "missing_branches": 0}, "missing_lines": [115], "excluded_lines": [], "executed_branches": [], "missing_branches": []}, "ExpansionContext.current_depth": {"executed_lines": [], "summary": {"covered_lines": 0, "num_statements": 1, "percent_covered": 0.0, "percent_covered_display": "0.00", "missing_lines": 1, "excluded_lines": 0, "num_branches": 0, "num_partial_branches": 0, "covered_branches": 0, "missing_branches": 0}, "missing_lines": [123], "excluded_lines": [], "executed_branches": [], "missing_branches": []}, "ExpansionContext.get_call_chain": {"executed_lines": [], "summary": {"covered_lines": 0, "num_statements": 1, "percent_covered": 0.0, "percent_covered_display": "0.00", "missing_lines": 1, "excluded_lines": 0, "num_branches": 0, "num_partial_branches": 0, "covered_branches": 0, "missing_branches": 0}, "missing_lines": [131], "excluded_lines": [], "executed_branches": [], "missing_branches": []}, "ExpansionContext.get_chain_display": {"executed_lines": [], "summary": {"covered_lines": 0, "num_statements": 1, "percent_covered": 0.0, "percent_covered_display": "0.00", "missing_lines": 1, "excluded_lines": 0, "num_branches": 0, "num_partial_branches": 0, "covered_branches": 0, "missing_branches": 0}, "missing_lines": [139], "excluded_lines": [], "executed_branches": [], "missing_branches": []}, "": {"executed_lines": [1, 7, 9, 10, 13, 14, 15, 28, 29, 30, 31, 32, 34, 55, 69, 70, 71, 82, 83, 84, 86, 95, 106, 117, 125, 133], "summary": {"covered_lines": 23, "num_statements": 23, "percent_covered": 100.0, "percent_covered_display": "100.00", "missing_lines": 0, "excluded_lines": 0, "num_branches": 0, "num_partial_branches": 0, "covered_branches": 0, "missing_branches": 0}, "missing_lines": [], "excluded_lines": [], "executed_branches": [], "missing_branches": []}}, "classes": {"ExpansionNode": {"executed_lines": [], "summary": {"covered_lines": 0, "num_statements": 8, "percent_covered": 0.0, "percent_covered_display": "0.00", "missing_lines": 8, "excluded_lines": 0, "num_branches": 2, "num_partial_branches": 0, "covered_branches": 0, "missing_branches": 2}, "missing_lines": [46, 47, 49, 50, 51, 53, 65, 66], "excluded_lines": [], "executed_branches": [], "missing_branches": [[49, 50], [49, 53]]}, "ExpansionContext": {"executed_lines": [], "summary": {"covered_lines": 0, "num_statements": 6, "percent_covered": 0.0, "percent_covered_display": "0.00", "missing_lines": 6, "excluded_lines": 0, "num_branches": 0, "num_partial_branches": 0, "covered_branches": 0, "missing_branches": 0}, "missing_lines": [93, 104, 115, 123, 131, 139], "excluded_lines": [], "executed_branches": [], "missing_branches": []}, "": {"executed_lines": [1, 7, 9, 10, 13, 14, 15, 28, 29, 30, 31, 32, 34, 55, 69, 70, 71, 82, 83, 84, 86, 95, 106, 117, 125, 133], "summary": {"covered_lines": 23, "num_statements": 23, "percent_covered": 100.0, "percent_covered_display": "100.00", "missing_lines": 0, "excluded_lines": 0, "num_branches": 0, "num_partial_branches": 0, "covered_branches": 0, "missing_branches": 0}, "missing_lines": [], "excluded_lines": [], "executed_branches": [], "missing_branches": []}}}, "src/midi_markdown/alias/resolver.py": {"executed_lines": [1, 6, 8, 9, 11, 12, 13, 14, 15, 18, 19, 36, 45, 46, 47, 49, 84, 85, 88, 89, 97, 98, 101, 103, 105, 106, 111, 114, 117, 118, 119, 121, 124, 129, 131, 132, 137, 139, 140, 144, 151, 154, 157, 159, 160, 161, 163, 165, 166, 168, 169, 172, 183, 186, 189, 191, 193, 197, 201, 203, 206, 209, 212, 247, 251, 253, 275, 277, 282, 283, 284, 285, 286, 301, 302, 305, 306, 309, 310, 312, 313, 315, 318, 319, 327, 329, 334, 350, 351, 354, 355, 358, 359, 364, 365, 371, 372, 375, 376, 377, 378, 386, 389, 391, 393, 410, 411, 414, 415, 416, 423, 425, 430, 433, 434, 435, 436, 437, 438, 445, 446, 447, 454, 455, 456, 457, 463, 464, 465, 466, 467, 473, 474, 482, 483, 485, 486, 491, 493, 503, 504, 507, 508, 509, 511, 525, 527, 531, 533, 534, 535, 536, 538, 539, 540, 547, 549, 551, 552, 556, 565, 567, 569, 570, 574, 582, 584, 587, 588, 589, 591, 592, 597, 598, 599, 601, 616, 629, 631, 637, 638, 641, 642, 643, 646, 648, 661, 662, 679], "summary": {"covered_lines": 187, "num_statements": 236, "percent_covered": 76.13636363636364, "percent_covered_display": "76.14", "missing_lines": 49, "excluded_lines": 0, "num_branches": 116, "num_partial_branches": 21, "covered_branches": 81, "missing_branches": 35}, "missing_lines": [145, 175, 178, 181, 182, 214, 216, 221, 223, 224, 226, 227, 232, 240, 242, 245, 278, 296, 297, 298, 330, 332, 380, 417, 418, 426, 448, 449, 475, 476, 528, 543, 544, 550, 553, 568, 571, 585, 593, 612, 632, 663, 664, 665, 667, 671, 673, 677, 694], "excluded_lines": [], "executed_branches": [[84, 85], [84, 88], [88, 89], [88, 97], [97, 98], [97, 101], [105, 106], [105, 111], [117, 118], [117, 137], [119, 121], [119, 137], [137, 139], [137, 154], [144, 151], [163, 165], [163, 247], [165, 166], [165, 186], [166, 168], [168, 169], [168, 172], [191, 193], [201, 203], [201, 206], [277, 282], [282, 283], [282, 286], [286, 301], [305, 306], [305, 309], [310, 312], [312, 313], [312, 315], [358, 359], [358, 364], [364, 365], [364, 371], [371, 372], [371, 391], [375, 376], [375, 377], [377, 378], [414, 415], [414, 433], [415, 416], [415, 425], [416, 423], [425, 430], [433, 434], [433, 445], [434, 435], [445, 446], [445, 463], [463, 464], [463, 473], [485, 486], [485, 491], [504, 507], [504, 509], [527, 531], [531, 533], [531, 536], [536, 538], [547, 549], [547, 565], [549, 551], [552, 556], [565, 567], [565, 582], [567, 569], [570, 574], [582, 584], [584, 587], [588, 589], [588, 591], [592, 597], [598, 599], [598, 601], [631, 637], [661, 662]], "missing_branches": [[144, 145], [166, 175], [175, 178], [175, 181], [191, 214], [214, 163], [214, 216], [221, 223], [221, 242], [226, 227], [226, 232], [277, 278], [286, 296], [310, 318], [377, 380], [416, 417], [425, 426], [434, 445], [527, 528], [536, 543], [549, 550], [552, 553], [567, 568], [570, 571], [582, 612], [584, 585], [592, 593], [631, 632], [661, 663], [663, 664], [663, 665], [665, 667], [665, 671], [671, 673], [671, 677]], "functions": {"AliasResolver.__init__": {"executed_lines": [45, 46, 47], "summary": {"covered_lines": 3, "num_statements": 3, "percent_covered": 100.0, "percent_covered_display": "100.00", "missing_lines": 0, "excluded_lines": 0, "num_branches": 0, "num_partial_branches": 0, "covered_branches": 0, "missing_branches": 0}, "missing_lines": [], "excluded_lines": [], "executed_branches": [], "missing_branches": []}, "AliasResolver.resolve": {"executed_lines": [84, 85, 88, 89, 97, 98, 101, 103, 105, 106, 111, 114, 117, 118, 119, 121, 124, 129, 131, 132, 137, 139, 140, 144, 151, 154, 157, 159, 160, 161, 163, 165, 166, 168, 169, 172, 183, 186, 189, 191, 193, 197, 201, 203, 206, 209, 212, 247, 251], "summary": {"covered_lines": 49, "num_statements": 65, "percent_covered": 73.26732673267327, "percent_covered_display": "73.27", "missing_lines": 16, "excluded_lines": 0, "num_branches": 36, "num_partial_branches": 3, "covered_branches": 25, "missing_branches": 11}, "missing_lines": [145, 175, 178, 181, 182, 214, 216, 221, 223, 224, 226, 227, 232, 240, 242, 245], "excluded_lines": [], "executed_branches": [[84, 85], [84, 88], [88, 89], [88, 97], [97, 98], [97, 101], [105, 106], [105, 111], [117, 118], [117, 137], [119, 121], [119, 137], [137, 139], [137, 154], [144, 151], [163, 165], [163, 247], [165, 166], [165, 186], [166, 168], [168, 169], [168, 172], [191, 193], [201, 203], [201, 206]], "missing_branches": [[144, 145], [166, 175], [175, 178], [175, 181], [191, 214], [214, 163], [214, 216], [221, 223], [221, 242], [226, 227], [226, 232]]}, "AliasResolver._try_resolve_nested_alias": {"executed_lines": [275, 277, 282, 283, 284, 285, 286, 301, 302, 305, 306, 309, 310, 312, 313, 315, 318, 319, 327, 329], "summary": {"covered_lines": 20, "num_statements": 26, "percent_covered": 76.3157894736842, "percent_covered_display": "76.32", "missing_lines": 6, "excluded_lines": 0, "num_branches": 12, "num_partial_branches": 3, "covered_branches": 9, "missing_branches": 3}, "missing_lines": [278, 296, 297, 298, 330, 332], "excluded_lines": [], "executed_branches": [[277, 282], [282, 283], [282, 286], [286, 301], [305, 306], [305, 309], [310, 312], [312, 313], [312, 315]], "missing_branches": [[277, 278], [286, 296], [310, 318]]}, "AliasResolver._bind_parameters": {"executed_lines": [350, 351, 354, 355, 358, 359, 364, 365, 371, 372, 375, 376, 377, 378, 386, 389, 391], "summary": {"covered_lines": 17, "num_statements": 18, "percent_covered": 92.85714285714286, "percent_covered_display": "92.86", "missing_lines": 1, "excluded_lines": 0, "num_branches": 10, "num_partial_branches": 1, "covered_branches": 9, "missing_branches": 1}, "missing_lines": [380], "excluded_lines": [], "executed_branches": [[358, 359], [358, 364], [364, 365], [364, 371], [371, 372], [371, 391], [375, 376], [375, 377], [377, 378]], "missing_branches": [[377, 380]]}, "AliasResolver._validate_parameter": {"executed_lines": [410, 411, 414, 415, 416, 423, 425, 430, 433, 434, 435, 436, 437, 438, 445, 446, 447, 454, 455, 456, 457, 463, 464, 465, 466, 467, 473, 474, 482, 483, 485, 486, 491], "summary": {"covered_lines": 33, "num_statements": 40, "percent_covered": 82.75862068965517, "percent_covered_display": "82.76", "missing_lines": 7, "excluded_lines": 0, "num_branches": 18, "num_partial_branches": 3, "covered_branches": 15, "missing_branches": 3}, "missing_lines": [417, 418, 426, 448, 449, 475, 476], "excluded_lines": [], "executed_branches": [[414, 415], [414, 433], [415, 416], [415, 425], [416, 423], [425, 430], [433, 434], [433, 445], [434, 435], [445, 446], [445, 463], [463, 464], [463, 473], [485, 486], [485, 491]], "missing_branches": [[416, 417], [425, 426], [434, 445]]}, "AliasResolver._substitute_parameters": {"executed_lines": [503, 504, 507, 508, 509], "summary": {"covered_lines": 5, "num_statements": 5, "percent_covered": 100.0, "percent_covered_display": "100.00", "missing_lines": 0, "excluded_lines": 0, "num_branches": 2, "num_partial_branches": 0, "covered_branches": 2, "missing_branches": 0}, "missing_lines": [], "excluded_lines": [], "executed_branches": [[504, 507], [504, 509]], "missing_branches": []}, "AliasResolver._parse_command_string": {"executed_lines": [525, 527, 531, 533, 534, 535, 536, 538, 539, 540, 547, 549, 551, 552, 556, 565, 567, 569, 570, 574, 582, 584, 587, 588, 589, 591, 592, 597, 598, 599, 601], "summary": {"covered_lines": 31, "num_statements": 41, "percent_covered": 72.46376811594203, "percent_covered_display": "72.46", "missing_lines": 10, "excluded_lines": 0, "num_branches": 28, "num_partial_branches": 9, "covered_branches": 19, "missing_branches": 9}, "missing_lines": [528, 543, 544, 550, 553, 568, 571, 585, 593, 612], "excluded_lines": [], "executed_branches": [[527, 531], [531, 533], [531, 536], [536, 538], [547, 549], [547, 565], [549, 551], [552, 556], [565, 567], [565, 582], [567, 569], [570, 574], [582, 584], [584, 587], [588, 589], [588, 591], [592, 597], [598, 599], [598, 601]], "missing_branches": [[527, 528], [536, 543], [549, 550], [552, 553], [567, 568], [570, 571], [582, 612], [584, 585], [592, 593]]}, "AliasResolver._combine_relative_timing": {"executed_lines": [629, 631, 637, 638, 641, 642, 643, 646], "summary": {"covered_lines": 8, "num_statements": 9, "percent_covered": 81.81818181818181, "percent_covered_display": "81.82", "missing_lines": 1, "excluded_lines": 0, "num_branches": 2, "num_partial_branches": 1, "covered_branches": 1, "missing_branches": 1}, "missing_lines": [632], "excluded_lines": [], "executed_branches": [[631, 637]], "missing_branches": [[631, 632]]}, "AliasResolver._to_milliseconds": {"executed_lines": [661, 662], "summary": {"covered_lines": 2, "num_statements": 9, "percent_covered": 17.647058823529413, "percent_covered_display": "17.65", "missing_lines": 7, "excluded_lines": 0, "num_branches": 8, "num_partial_branches": 1, "covered_branches": 1, "missing_branches": 7}, "missing_lines": [663, 664, 665, 667, 671, 673, 677], "excluded_lines": [], "executed_branches": [[661, 662]], "missing_branches": [[661, 663], [663, 664], [663, 665], [665, 667], [665, 671], [671, 673], [671, 677]]}, "AliasResolver._substitute_in_command": {"executed_lines": [], "summary": {"covered_lines": 0, "num_statements": 1, "percent_covered": 0.0, "percent_covered_display": "0.00", "missing_lines": 1, "excluded_lines": 0, "num_branches": 0, "num_partial_branches": 0, "covered_branches": 0, "missing_branches": 0}, "missing_lines": [694], "excluded_lines": [], "executed_branches": [], "missing_branches": []}, "": {"executed_lines": [1, 6, 8, 9, 11, 12, 13, 14, 15, 18, 19, 36, 49, 253, 334, 393, 493, 511, 616, 648, 679], "summary": {"covered_lines": 19, "num_statements": 19, "percent_covered": 100.0, "percent_covered_display": "100.00", "missing_lines": 0, "excluded_lines": 0, "num_branches": 0, "num_partial_branches": 0, "covered_branches": 0, "missing_branches": 0}, "missing_lines": [], "excluded_lines": [], "executed_branches": [], "missing_branches": []}}, "classes": {"AliasResolver": {"executed_lines": [45, 46, 47, 84, 85, 88, 89, 97, 98, 101, 103, 105, 106, 111, 114, 117, 118, 119, 121, 124, 129, 131, 132, 137, 139, 140, 144, 151, 154, 157, 159, 160, 161, 163, 165, 166, 168, 169, 172, 183, 186, 189, 191, 193, 197, 201, 203, 206, 209, 212, 247, 251, 275, 277, 282, 283, 284, 285, 286, 301, 302, 305, 306, 309, 310, 312, 313, 315, 318, 319, 327, 329, 350, 351, 354, 355, 358, 359, 364, 365, 371, 372, 375, 376, 377, 378, 386, 389, 391, 410, 411, 414, 415, 416, 423, 425, 430, 433, 434, 435, 436, 437, 438, 445, 446, 447, 454, 455, 456, 457, 463, 464, 465, 466, 467, 473, 474, 482, 483, 485, 486, 491, 503, 504, 507, 508, 509, 525, 527, 531, 533, 534, 535, 536, 538, 539, 540, 547, 549, 551, 552, 556, 565, 567, 569, 570, 574, 582, 584, 587, 588, 589, 591, 592, 597, 598, 599, 601, 629, 631, 637, 638, 641, 642, 643, 646, 661, 662], "summary": {"covered_lines": 168, "num_statements": 217, "percent_covered": 74.77477477477477, "percent_covered_display": "74.77", "missing_lines": 49, "excluded_lines": 0, "num_branches": 116, "num_partial_branches": 21, "covered_branches": 81, "missing_branches": 35}, "missing_lines": [145, 175, 178, 181, 182, 214, 216, 221, 223, 224, 226, 227, 232, 240, 242, 245, 278, 296, 297, 298, 330, 332, 380, 417, 418, 426, 448, 449, 475, 476, 528, 543, 544, 550, 553, 568, 571, 585, 593, 612, 632, 663, 664, 665, 667, 671, 673, 677, 694], "excluded_lines": [], "executed_branches": [[84, 85], [84, 88], [88, 89], [88, 97], [97, 98], [97, 101], [105, 106], [105, 111], [117, 118], [117, 137], [119, 121], [119, 137], [137, 139], [137, 154], [144, 151], [163, 165], [163, 247], [165, 166], [165, 186], [166, 168], [168, 169], [168, 172], [191, 193], [201, 203], [201, 206], [277, 282], [282, 283], [282, 286], [286, 301], [305, 306], [305, 309], [310, 312], [312, 313], [312, 315], [358, 359], [358, 364], [364, 365], [364, 371], [371, 372], [371, 391], [375, 376], [375, 377], [377, 378], [414, 415], [414, 433], [415, 416], [415, 425], [416, 423], [425, 430], [433, 434], [433, 445], [434, 435], [445, 446], [445, 463], [463, 464], [463, 473], [485, 486], [485, 491], [504, 507], [504, 509], [527, 531], [531, 533], [531, 536], [536, 538], [547, 549], [547, 565], [549, 551], [552, 556], [565, 567], [565, 582], [567, 569], [570, 574], [582, 584], [584, 587], [588, 589], [588, 591], [592, 597], [598, 599], [598, 601], [631, 637], [661, 662]], "missing_branches": [[144, 145], [166, 175], [175, 178], [175, 181], [191, 214], [214, 163], [214, 216], [221, 223], [221, 242], [226, 227], [226, 232], [277, 278], [286, 296], [310, 318], [377, 380], [416, 417], [425, 426], [434, 445], [527, 528], [536, 543], [549, 550], [552, 553], [567, 568], [570, 571], [582, 612], [584, 585], [592, 593], [631, 632], [661, 663], [663, 664], [663, 665], [665, 667], [665, 671], [671, 673], [671, 677]]}, "": {"executed_lines": [1, 6, 8, 9, 11, 12, 13, 14, 15, 18, 19, 36, 49, 253, 334, 393, 493, 511, 616, 648, 679], "summary": {"covered_lines": 19, "num_statements": 19, "percent_covered": 100.0, "percent_covered_display": "100.00", "missing_lines": 0, "excluded_lines": 0, "num_branches": 0, "num_partial_branches": 0, "covered_branches": 0, "missing_branches": 0}, "missing_lines": [], "excluded_lines": [], "executed_branches": [], "missing_branches": []}}}, "src/midi_markdown/cli/__init__.py": {"executed_lines": [1], "summary": {"covered_lines": 0, "num_statements": 0, "percent_covered": 100.0, "percent_covered_display": "100.00", "missing_lines": 0, "excluded_lines": 0, "num_branches": 0, "num_partial_branches": 0, "covered_branches": 0, "missing_branches": 0}, "missing_lines": [], "excluded_lines": [], "executed_branches": [], "missing_branches": [], "functions": {"": {"executed_lines": [1], "summary": {"covered_lines": 0, "num_statements": 0, "percent_covered": 100.0, "percent_covered_display": "100.00", "missing_lines": 0, "excluded_lines": 0, "num_branches": 0, "num_partial_branches": 0, "covered_branches": 0, "missing_branches": 0}, "missing_lines": [], "excluded_lines": [], "executed_branches": [], "missing_branches": []}}, "classes": {"": {"executed_lines": [1], "summary": {"covered_lines": 0, "num_statements": 0, "percent_covered": 100.0, "percent_covered_display": "100.00", "missing_lines": 0, "excluded_lines": 0, "num_branches": 0, "num_partial_branches": 0, "covered_branches": 0, "missing_branches": 0}, "missing_lines": [], "excluded_lines": [], "executed_branches": [], "missing_branches": []}}}, "src/midi_markdown/cli/commands/__init__.py": {"executed_lines": [1, 6, 8, 9, 10, 11, 12, 13, 14, 15, 16, 17, 18, 20], "summary": {"covered_lines": 13, "num_statements": 13, "percent_covered": 100.0, "percent_covered_display": "100.00", "missing_lines": 0, "excluded_lines": 0, "num_branches": 0, "num_partial_branches": 0, "covered_branches": 0, "missing_branches": 0}, "missing_lines": [], "excluded_lines": [], "executed_branches": [], "missing_branches": [], "functions": {"": {"executed_lines": [1, 6, 8, 9, 10, 11, 12, 13, 14, 15, 16, 17, 18, 20], "summary": {"covered_lines": 13, "num_statements": 13, "percent_covered": 100.0, "percent_covered_display": "100.00", "missing_lines": 0, "excluded_lines": 0, "num_branches": 0, "num_partial_branches": 0, "covered_branches": 0, "missing_branches": 0}, "missing_lines": [], "excluded_lines": [], "executed_branches": [], "missing_branches": []}}, "classes": {"": {"executed_lines": [1, 6, 8, 9, 10, 11, 12, 13, 14, 15, 16, 17, 18, 20], "summary": {"covered_lines": 13, "num_statements": 13, "percent_covered": 100.0, "percent_covered_display": "100.00", "missing_lines": 0, "excluded_lines": 0, "num_branches": 0, "num_partial_branches": 0, "covered_branches": 0, "missing_branches": 0}, "missing_lines": [], "excluded_lines": [], "executed_branches": [], "missing_branches": []}}}, "src/midi_markdown/cli/commands/cheatsheet.py": {"executed_lines": [1, 3, 5, 6, 9, 18, 20, 201, 202, 203], "summary": {"covered_lines": 9, "num_statements": 9, "percent_covered": 100.0, "percent_covered_display": "100.00", "missing_lines": 0, "excluded_lines": 0, "num_branches": 0, "num_partial_branches": 0, "covered_branches": 0, "missing_branches": 0}, "missing_lines": [], "excluded_lines": [], "executed_branches": [], "missing_branches": [], "functions": {"cheatsheet": {"executed_lines": [18, 20, 201, 202, 203], "summary": {"covered_lines": 5, "num_statements": 5, "percent_covered": 100.0, "percent_covered_display": "100.00", "missing_lines": 0, "excluded_lines": 0, "num_branches": 0, "num_partial_branches": 0, "covered_branches": 0, "missing_branches": 0}, "missing_lines": [], "excluded_lines": [], "executed_branches": [], "missing_branches": []}, "": {"executed_lines": [1, 3, 5, 6, 9], "summary": {"covered_lines": 4, "num_statements": 4, "percent_covered": 100.0, "percent_covered_display": "100.00", "missing_lines": 0, "excluded_lines": 0, "num_branches": 0, "num_partial_branches": 0, "covered_branches": 0, "missing_branches": 0}, "missing_lines": [], "excluded_lines": [], "executed_branches": [], "missing_branches": []}}, "classes": {"": {"executed_lines": [1, 3, 5, 6, 9, 18, 20, 201, 202, 203], "summary": {"covered_lines": 9, "num_statements": 9, "percent_covered": 100.0, "percent_covered_display": "100.00", "missing_lines": 0, "excluded_lines": 0, "num_branches": 0, "num_partial_branches": 0, "covered_branches": 0, "missing_branches": 0}, "missing_lines": [], "excluded_lines": [], "executed_branches": [], "missing_branches": []}}}, "src/midi_markdown/cli/commands/check.py": {"executed_lines": [1, 3, 5, 6, 8, 9, 11, 14, 77, 80, 87, 88, 91, 94, 96, 97, 100, 101], "summary": {"covered_lines": 17, "num_statements": 20, "percent_covered": 79.16666666666667, "percent_covered_display": "79.17", "missing_lines": 3, "excluded_lines": 0, "num_branches": 4, "num_partial_branches": 2, "covered_branches": 2, "missing_branches": 2}, "missing_lines": [92, 102, 103], "excluded_lines": [], "executed_branches": [[91, 94], [101, -14]], "missing_branches": [[91, 92], [101, 102]], "functions": {"check": {"executed_lines": [77, 80, 87, 88, 91, 94, 96, 97, 100, 101], "summary": {"covered_lines": 10, "num_statements": 13, "percent_covered": 70.58823529411765, "percent_covered_display": "70.59", "missing_lines": 3, "excluded_lines": 0, "num_branches": 4, "num_partial_branches": 2, "covered_branches": 2, "missing_branches": 2}, "missing_lines": [92, 102, 103], "excluded_lines": [], "executed_branches": [[91, 94], [101, -14]], "missing_branches": [[91, 92], [101, 102]]}, "": {"executed_lines": [1, 3, 5, 6, 8, 9, 11, 14], "summary": {"covered_lines": 7, "num_statements": 7, "percent_covered": 100.0, "percent_covered_display": "100.00", "missing_lines": 0, "excluded_lines": 0, "num_branches": 0, "num_partial_branches": 0, "covered_branches": 0, "missing_branches": 0}, "missing_lines": [], "excluded_lines": [], "executed_branches": [], "missing_branches": []}}, "classes": {"": {"executed_lines": [1, 3, 5, 6, 8, 9, 11, 14, 77, 80, 87, 88, 91, 94, 96, 97, 100, 101], "summary": {"covered_lines": 17, "num_statements": 20, "percent_covered": 79.16666666666667, "percent_covered_display": "79.17", "missing_lines": 3, "excluded_lines": 0, "num_branches": 4, "num_partial_branches": 2, "covered_branches": 2, "missing_branches": 2}, "missing_lines": [92, 102, 103], "excluded_lines": [], "executed_branches": [[91, 94], [101, -14]], "missing_branches": [[91, 92], [101, 102]]}}}, "src/midi_markdown/cli/commands/compile.py": {"executed_lines": [1, 3, 5, 6, 7, 8, 10, 11, 12, 13, 15, 16, 18, 24, 31, 147, 151, 154, 155, 158, 159, 160, 161, 162, 168, 170, 173, 174, 176, 178, 179, 180, 188, 189, 194, 195, 202, 203, 204, 207, 214, 216, 217, 218, 219, 222, 260, 359, 360, 361, 363, 364, 366, 369, 370, 373, 374, 376, 378, 384, 385, 386, 389, 392, 393, 396, 397, 400, 401, 406, 408, 409, 417, 421, 424, 426, 427, 428, 449, 450, 452, 456, 457, 459, 462, 470, 472, 473, 476, 483, 484, 485, 488, 490, 491, 493, 494, 496, 499, 502, 504, 506, 509, 511, 512, 516, 518, 521, 523, 525, 527, 530, 532, 534, 537, 539, 541, 543, 546, 548, 550, 553, 555, 557, 559, 562, 569, 572, 573, 575, 576, 579, 580, 585, 586, 589, 602, 604, 606, 608, 612, 613, 615, 618, 620, 621, 624, 625, 629], "summary": {"covered_lines": 148, "num_statements": 254, "percent_covered": 56.56565656565657, "percent_covered_display": "56.57", "missing_lines": 106, "excluded_lines": 0, "num_branches": 142, "num_partial_branches": 26, "covered_branches": 76, "missing_branches": 66}, "missing_lines": [148, 164, 165, 166, 181, 183, 186, 223, 224, 226, 228, 230, 231, 237, 238, 239, 244, 246, 247, 251, 252, 253, 254, 256, 257, 263, 264, 266, 267, 269, 270, 272, 273, 277, 278, 280, 282, 283, 284, 286, 288, 290, 291, 292, 295, 298, 306, 307, 310, 313, 314, 317, 318, 319, 320, 321, 324, 332, 333, 336, 339, 341, 343, 344, 346, 347, 348, 349, 351, 352, 353, 355, 356, 380, 381, 382, 387, 402, 403, 404, 418, 433, 434, 435, 437, 439, 442, 443, 445, 446, 460, 507, 519, 535, 551, 565, 566, 574, 603, 605, 607, 609, 617, 622, 626, 628], "excluded_lines": [], "executed_branches": [[147, 151], [154, 155], [154, 158], [158, 159], [158, 168], [159, 160], [161, 162], [173, 174], [173, 176], [188, 189], [188, 194], [202, 203], [202, 207], [216, 217], [216, 218], [218, 219], [222, 260], [260, 359], [359, 360], [360, 361], [360, 363], [363, 364], [363, 366], [378, 384], [384, 385], [384, 392], [386, 389], [392, 393], [392, 396], [401, 406], [417, 421], [426, 427], [426, 449], [428, 449], [449, 450], [449, 452], [457, 459], [457, 472], [459, 462], [472, 473], [472, 476], [483, 484], [483, 488], [488, 490], [488, 504], [490, 491], [490, 493], [493, 494], [493, 496], [504, 506], [504, 516], [506, 509], [516, 518], [516, 532], [518, 521], [525, 527], [525, 530], [532, 534], [532, 548], [534, 537], [541, 543], [541, 546], [548, 550], [550, 553], [557, 559], [557, 562], [573, 575], [575, 576], [602, 604], [604, 606], [606, 608], [608, 612], [612, -31], [612, 613], [621, 624], [625, 629]], "missing_branches": [[147, 148], [159, 164], [161, 168], [165, 166], [165, 168], [218, 222], [222, 223], [223, 224], [223, 226], [237, 238], [237, 246], [238, 239], [238, 244], [246, 247], [246, 260], [253, 254], [253, 257], [260, 263], [263, 264], [263, 266], [266, 267], [266, 269], [280, 282], [280, 341], [282, 283], [282, 317], [286, 288], [286, 313], [288, 290], [288, 310], [317, 318], [317, 339], [332, 333], [332, 336], [343, 344], [343, 359], [348, 349], [348, 351], [352, 353], [352, 356], [359, 392], [378, 380], [380, 381], [380, 382], [386, 387], [401, 402], [403, 404], [403, 406], [417, 418], [428, 433], [442, 443], [442, 446], [459, 460], [506, 507], [518, 519], [534, 535], [548, 565], [550, 551], [573, 574], [575, 579], [602, 603], [604, 605], [606, 607], [608, 609], [621, 622], [625, 626]], "functions": {"compile": {"executed_lines": [147, 151, 154, 155, 158, 159, 160, 161, 162, 168, 170, 173, 174, 176, 178, 179, 180, 188, 189, 194, 195, 202, 203, 204, 207, 214, 216, 217, 218, 219, 222, 260, 359, 360, 361, 363, 364, 366, 369, 370, 373, 374, 376, 378, 384, 385, 386, 389, 392, 393, 396, 397, 400, 401, 406, 408, 409, 417, 421, 424, 426, 427, 428, 449, 450, 452, 456, 457, 459, 462, 470, 472, 473, 476, 483, 484, 485, 488, 490, 491, 493, 494, 496, 499, 502, 504, 506, 509, 511, 512, 516, 518, 521, 523, 525, 527, 530, 532, 534, 537, 539, 541, 543, 546, 548, 550, 553, 555, 557, 559, 562, 569, 572, 573, 575, 576, 579, 580, 585, 586, 589, 602, 604, 606, 608, 612, 613, 615, 618, 620, 621, 624, 625, 629], "summary": {"covered_lines": 134, "num_statements": 240, "percent_covered": 54.973821989528794, "percent_covered_display": "54.97", "missing_lines": 106, "excluded_lines": 0, "num_branches": 142, "num_partial_branches": 26, "covered_branches": 76, "missing_branches": 66}, "missing_lines": [148, 164, 165, 166, 181, 183, 186, 223, 224, 226, 228, 230, 231, 237, 238, 239, 244, 246, 247, 251, 252, 253, 254, 256, 257, 263, 264, 266, 267, 269, 270, 272, 273, 277, 278, 280, 282, 283, 284, 286, 288, 290, 291, 292, 295, 298, 306, 307, 310, 313, 314, 317, 318, 319, 320, 321, 324, 332, 333, 336, 339, 341, 343, 344, 346, 347, 348, 349, 351, 352, 353, 355, 356, 380, 381, 382, 387, 402, 403, 404, 418, 433, 434, 435, 437, 439, 442, 443, 445, 446, 460, 507, 519, 535, 551, 565, 566, 574, 603, 605, 607, 609, 617, 622, 626, 628], "excluded_lines": [], "executed_branches": [[147, 151], [154, 155], [154, 158], [158, 159], [158, 168], [159, 160], [161, 162], [173, 174], [173, 176], [188, 189], [188, 194], [202, 203], [202, 207], [216, 217], [216, 218], [218, 219], [222, 260], [260, 359], [359, 360], [360, 361], [360, 363], [363, 364], [363, 366], [378, 384], [384, 385], [384, 392], [386, 389], [392, 393], [392, 396], [401, 406], [417, 421], [426, 427], [426, 449], [428, 449], [449, 450], [449, 452], [457, 459], [457, 472], [459, 462], [472, 473], [472, 476], [483, 484], [483, 488], [488, 490], [488, 504], [490, 491], [490, 493], [493, 494], [493, 496], [504, 506], [504, 516], [506, 509], [516, 518], [516, 532], [518, 521], [525, 527], [525, 530], [532, 534], [532, 548], [534, 537], [541, 543], [541, 546], [548, 550], [550, 553], [557, 559], [557, 562], [573, 575], [575, 576], [602, 604], [604, 606], [606, 608], [608, 612], [612, -31], [612, 613], [621, 624], [625, 629]], "missing_branches": [[147, 148], [159, 164], [161, 168], [165, 166], [165, 168], [218, 222], [222, 223], [223, 224], [223, 226], [237, 238], [237, 246], [238, 239], [238, 244], [246, 247], [246, 260], [253, 254], [253, 257], [260, 263], [263, 264], [263, 266], [266, 267], [266, 269], [280, 282], [280, 341], [282, 283], [282, 317], [286, 288], [286, 313], [288, 290], [288, 310], [317, 318], [317, 339], [332, 333], [332, 336], [343, 344], [343, 359], [348, 349], [348, 351], [352, 353], [352, 356], [359, 392], [378, 380], [380, 381], [380, 382], [386, 387], [401, 402], [403, 404], [403, 406], [417, 418], [428, 433], [442, 443], [442, 446], [459, 460], [506, 507], [518, 519], [534, 535], [548, 565], [550, 551], [573, 574], [575, 579], [602, 603], [604, 605], [606, 607], [608, 609], [621, 622], [625, 626]]}, "": {"executed_lines": [1, 3, 5, 6, 7, 8, 10, 11, 12, 13, 15, 16, 18, 24, 31], "summary": {"covered_lines": 14, "num_statements": 14, "percent_covered": 100.0, "percent_covered_display": "100.00", "missing_lines": 0, "excluded_lines": 0, "num_branches": 0, "num_partial_branches": 0, "covered_branches": 0, "missing_branches": 0}, "missing_lines": [], "excluded_lines": [], "executed_branches": [], "missing_branches": []}}, "classes": {"": {"executed_lines": [1, 3, 5, 6, 7, 8, 10, 11, 12, 13, 15, 16, 18, 24, 31, 147, 151, 154, 155, 158, 159, 160, 161, 162, 168, 170, 173, 174, 176, 178, 179, 180, 188, 189, 194, 195, 202, 203, 204, 207, 214, 216, 217, 218, 219, 222, 260, 359, 360, 361, 363, 364, 366, 369, 370, 373, 374, 376, 378, 384, 385, 386, 389, 392, 393, 396, 397, 400, 401, 406, 408, 409, 417, 421, 424, 426, 427, 428, 449, 450, 452, 456, 457, 459, 462, 470, 472, 473, 476, 483, 484, 485, 488, 490, 491, 493, 494, 496, 499, 502, 504, 506, 509, 511, 512, 516, 518, 521, 523, 525, 527, 530, 532, 534, 537, 539, 541, 543, 546, 548, 550, 553, 555, 557, 559, 562, 569, 572, 573, 575, 576, 579, 580, 585, 586, 589, 602, 604, 606, 608, 612, 613, 615, 618, 620, 621, 624, 625, 629], "summary": {"covered_lines": 148, "num_statements": 254, "percent_covered": 56.56565656565657, "percent_covered_display": "56.57", "missing_lines": 106, "excluded_lines": 0, "num_branches": 142, "num_partial_branches": 26, "covered_branches": 76, "missing_branches": 66}, "missing_lines": [148, 164, 165, 166, 181, 183, 186, 223, 224, 226, 228, 230, 231, 237, 238, 239, 244, 246, 247, 251, 252, 253, 254, 256, 257, 263, 264, 266, 267, 269, 270, 272, 273, 277, 278, 280, 282, 283, 284, 286, 288, 290, 291, 292, 295, 298, 306, 307, 310, 313, 314, 317, 318, 319, 320, 321, 324, 332, 333, 336, 339, 341, 343, 344, 346, 347, 348, 349, 351, 352, 353, 355, 356, 380, 381, 382, 387, 402, 403, 404, 418, 433, 434, 435, 437, 439, 442, 443, 445, 446, 460, 507, 519, 535, 551, 565, 566, 574, 603, 605, 607, 609, 617, 622, 626, 628], "excluded_lines": [], "executed_branches": [[147, 151], [154, 155], [154, 158], [158, 159], [158, 168], [159, 160], [161, 162], [173, 174], [173, 176], [188, 189], [188, 194], [202, 203], [202, 207], [216, 217], [216, 218], [218, 219], [222, 260], [260, 359], [359, 360], [360, 361], [360, 363], [363, 364], [363, 366], [378, 384], [384, 385], [384, 392], [386, 389], [392, 393], [392, 396], [401, 406], [417, 421], [426, 427], [426, 449], [428, 449], [449, 450], [449, 452], [457, 459], [457, 472], [459, 462], [472, 473], [472, 476], [483, 484], [483, 488], [488, 490], [488, 504], [490, 491], [490, 493], [493, 494], [493, 496], [504, 506], [504, 516], [506, 509], [516, 518], [516, 532], [518, 521], [525, 527], [525, 530], [532, 534], [532, 548], [534, 537], [541, 543], [541, 546], [548, 550], [550, 553], [557, 559], [557, 562], [573, 575], [575, 576], [602, 604], [604, 606], [606, 608], [608, 612], [612, -31], [612, 613], [621, 624], [625, 629]], "missing_branches": [[147, 148], [159, 164], [161, 168], [165, 166], [165, 168], [218, 222], [222, 223], [223, 224], [223, 226], [237, 238], [237, 246], [238, 239], [238, 244], [246, 247], [246, 260], [253, 254], [253, 257], [260, 263], [263, 264], [263, 266], [266, 267], [266, 269], [280, 282], [280, 341], [282, 283], [282, 317], [286, 288], [286, 313], [288, 290], [288, 310], [317, 318], [317, 339], [332, 333], [332, 336], [343, 344], [343, 359], [348, 349], [348, 351], [352, 353], [352, 356], [359, 392], [378, 380], [380, 381], [380, 382], [386, 387], [401, 402], [403, 404], [403, 406], [417, 418], [428, 433], [442, 443], [442, 446], [459, 460], [506, 507], [518, 519], [534, 535], [548, 565], [550, 551], [573, 574], [575, 579], [602, 603], [604, 605], [606, 607], [608, 609], [621, 622], [625, 626]]}}}, "src/midi_markdown/cli/commands/examples.py": {"executed_lines": [1, 3, 5, 7, 8, 9, 10, 13, 131, 145, 147, 149, 150, 151, 153, 154, 155, 156, 157, 159, 160, 161, 164, 165, 166, 167, 168, 169, 170, 171, 172, 173, 175, 178, 179, 180, 181, 183, 190, 192, 193, 194, 195, 196, 197], "summary": {"covered_lines": 44, "num_statements": 44, "percent_covered": 100.0, "percent_covered_display": "100.00", "missing_lines": 0, "excluded_lines": 0, "num_branches": 8, "num_partial_branches": 0, "covered_branches": 8, "missing_branches": 0}, "missing_lines": [], "excluded_lines": [], "executed_branches": [[147, 149], [147, 164], [153, 154], [153, 159], [164, 165], [164, 175], [169, 170], [169, 171]], "missing_branches": [], "functions": {"examples": {"executed_lines": [145, 147, 149, 150, 151, 153, 154, 155, 156, 157, 159, 160, 161, 164, 165, 166, 167, 168, 169, 170, 171, 172, 173, 175, 178, 179, 180, 181, 183, 190, 192, 193, 194, 195, 196, 197], "summary": {"covered_lines": 36, "num_statements": 36, "percent_covered": 100.0, "percent_covered_display": "100.00", "missing_lines": 0, "excluded_lines": 0, "num_branches": 8, "num_partial_branches": 0, "covered_branches": 8, "missing_branches": 0}, "missing_lines": [], "excluded_lines": [], "executed_branches": [[147, 149], [147, 164], [153, 154], [153, 159], [164, 165], [164, 175], [169, 170], [169, 171]], "missing_branches": []}, "": {"executed_lines": [1, 3, 5, 7, 8, 9, 10, 13, 131], "summary": {"covered_lines": 8, "num_statements": 8, "percent_covered": 100.0, "percent_covered_display": "100.00", "missing_lines": 0, "excluded_lines": 0, "num_branches": 0, "num_partial_branches": 0, "covered_branches": 0, "missing_branches": 0}, "missing_lines": [], "excluded_lines": [], "executed_branches": [], "missing_branches": []}}, "classes": {"": {"executed_lines": [1, 3, 5, 7, 8, 9, 10, 13, 131, 145, 147, 149, 150, 151, 153, 154, 155, 156, 157, 159, 160, 161, 164, 165, 166, 167, 168, 169, 170, 171, 172, 173, 175, 178, 179, 180, 181, 183, 190, 192, 193, 194, 195, 196, 197], "summary": {"covered_lines": 44, "num_statements": 44, "percent_covered": 100.0, "percent_covered_display": "100.00", "missing_lines": 0, "excluded_lines": 0, "num_branches": 8, "num_partial_branches": 0, "covered_branches": 8, "missing_branches": 0}, "missing_lines": [], "excluded_lines": [], "executed_branches": [[147, 149], [147, 164], [153, 154], [153, 159], [164, 165], [164, 175], [169, 170], [169, 171]], "missing_branches": []}}}, "src/midi_markdown/cli/commands/inspect.py": {"executed_lines": [1, 3, 5, 6, 7, 9, 10, 12, 14, 15, 16, 17, 20, 72, 75, 83, 85, 86, 87, 91, 93, 98, 101, 102, 104, 113, 116, 117, 119, 126, 128, 129, 131, 138, 140, 142, 144, 146, 148, 150, 152, 154], "summary": {"covered_lines": 41, "num_statements": 49, "percent_covered": 79.71014492753623, "percent_covered_display": "79.71", "missing_lines": 8, "excluded_lines": 0, "num_branches": 20, "num_partial_branches": 6, "covered_branches": 14, "missing_branches": 6}, "missing_lines": [94, 95, 99, 105, 106, 107, 114, 120], "excluded_lines": [], "executed_branches": [[86, 87], [86, 93], [93, 98], [98, 101], [104, 113], [113, 116], [119, 126], [126, 128], [126, 138], [138, 140], [138, 144], [144, 146], [144, 150], [150, 152]], "missing_branches": [[93, 94], [98, 99], [104, 105], [113, 114], [119, 120], [150, -20]], "functions": {"inspect": {"executed_lines": [72, 75, 83, 85, 86, 87, 91, 93, 98, 101, 102, 104, 113, 116, 117, 119, 126, 128, 129, 131, 138, 140, 142, 144, 146, 148, 150, 152, 154], "summary": {"covered_lines": 29, "num_statements": 37, "percent_covered": 75.43859649122807, "percent_covered_display": "75.44", "missing_lines": 8, "excluded_lines": 0, "num_branches": 20, "num_partial_branches": 6, "covered_branches": 14, "missing_branches": 6}, "missing_lines": [94, 95, 99, 105, 106, 107, 114, 120], "excluded_lines": [], "executed_branches": [[86, 87], [86, 93], [93, 98], [98, 101], [104, 113], [113, 116], [119, 126], [126, 128], [126, 138], [138, 140], [138, 144], [144, 146], [144, 150], [150, 152]], "missing_branches": [[93, 94], [98, 99], [104, 105], [113, 114], [119, 120], [150, -20]]}, "": {"executed_lines": [1, 3, 5, 6, 7, 9, 10, 12, 14, 15, 16, 17, 20], "summary": {"covered_lines": 12, "num_statements": 12, "percent_covered": 100.0, "percent_covered_display": "100.00", "missing_lines": 0, "excluded_lines": 0, "num_branches": 0, "num_partial_branches": 0, "covered_branches": 0, "missing_branches": 0}, "missing_lines": [], "excluded_lines": [], "executed_branches": [], "missing_branches": []}}, "classes": {"": {"executed_lines": [1, 3, 5, 6, 7, 9, 10, 12, 14, 15, 16, 17, 20, 72, 75, 83, 85, 86, 87, 91, 93, 98, 101, 102, 104, 113, 116, 117, 119, 126, 128, 129, 131, 138, 140, 142, 144, 146, 148, 150, 152, 154], "summary": {"covered_lines": 41, "num_statements": 49, "percent_covered": 79.71014492753623, "percent_covered_display": "79.71", "missing_lines": 8, "excluded_lines": 0, "num_branches": 20, "num_partial_branches": 6, "covered_branches": 14, "missing_branches": 6}, "missing_lines": [94, 95, 99, 105, 106, 107, 114, 120], "excluded_lines": [], "executed_branches": [[86, 87], [86, 93], [93, 98], [98, 101], [104, 113], [113, 116], [119, 126], [126, 128], [126, 138], [138, 140], [138, 144], [144, 146], [144, 150], [150, 152]], "missing_branches": [[93, 94], [98, 99], [104, 105], [113, 114], [119, 120], [150, -20]]}}}, "src/midi_markdown/cli/commands/library.py": {"executed_lines": [1, 3, 5, 6, 8, 9, 10, 12, 15, 24, 29, 31, 39, 43, 51, 52, 53, 54, 55, 58, 59, 60, 61, 62, 63, 64, 65, 70, 71, 72, 73, 74, 75, 78, 90, 93, 94, 96, 97, 98, 99, 100, 101, 108, 109, 110, 111, 112, 115, 116, 117, 125, 126, 127, 130, 131, 133, 135, 136, 137, 140, 141, 142, 145, 146, 147, 148, 150, 152, 153, 154, 159, 161, 163, 164, 169, 170, 173, 194, 196, 197, 198, 201, 202, 203, 211, 219, 220, 222, 223, 226, 227, 228, 231, 232, 233, 234, 235, 236, 237, 240, 241, 242, 243, 244, 245, 247, 248, 249, 250, 251], "summary": {"covered_lines": 110, "num_statements": 144, "percent_covered": 75.0, "percent_covered_display": "75.00", "missing_lines": 34, "excluded_lines": 0, "num_branches": 44, "num_partial_branches": 13, "covered_branches": 31, "missing_branches": 13}, "missing_lines": [32, 33, 34, 35, 36, 44, 45, 46, 47, 48, 66, 68, 118, 119, 120, 121, 122, 132, 134, 156, 166, 167, 204, 205, 206, 207, 208, 212, 213, 214, 215, 216, 229, 246], "excluded_lines": [], "executed_branches": [[31, 39], [43, 51], [59, 60], [59, 70], [96, 97], [96, 115], [108, 109], [108, 110], [130, 131], [131, 133], [133, 135], [135, 136], [140, 141], [150, 152], [150, 163], [153, 154], [211, 219], [220, 222], [220, 231], [222, 223], [222, 226], [227, 220], [227, 228], [228, 227], [231, 232], [231, 240], [234, 235], [234, 236], [244, 245], [245, 247], [247, 248]], "missing_branches": [[31, 32], [43, 44], [130, 140], [131, 132], [133, 134], [135, 137], [140, 166], [153, 156], [211, 212], [228, 229], [244, 249], [245, 246], [247, 249]], "functions": {"library_list": {"executed_lines": [24, 29, 31, 39, 43, 51, 52, 53, 54, 55, 58, 59, 60, 61, 62, 63, 64, 65, 70, 71, 72, 73, 74, 75], "summary": {"covered_lines": 24, "num_statements": 36, "percent_covered": 66.66666666666667, "percent_covered_display": "66.67", "missing_lines": 12, "excluded_lines": 0, "num_branches": 6, "num_partial_branches": 2, "covered_branches": 4, "missing_branches": 2}, "missing_lines": [32, 33, 34, 35, 36, 44, 45, 46, 47, 48, 66, 68], "excluded_lines": [], "executed_branches": [[31, 39], [43, 51], [59, 60], [59, 70]], "missing_branches": [[31, 32], [43, 44]]}, "library_info": {"executed_lines": [90, 93, 94, 96, 97, 98, 99, 100, 101, 108, 109, 110, 111, 112, 115, 116, 117, 125, 126, 127, 130, 131, 133, 135, 136, 137, 140, 141, 142, 145, 146, 147, 148, 150, 152, 153, 154, 159, 161, 163, 164, 169, 170], "summary": {"covered_lines": 43, "num_statements": 53, "percent_covered": 77.46478873239437, "percent_covered_display": "77.46", "missing_lines": 10, "excluded_lines": 0, "num_branches": 18, "num_partial_branches": 6, "covered_branches": 12, "missing_branches": 6}, "missing_lines": [118, 119, 120, 121, 122, 132, 134, 156, 166, 167], "excluded_lines": [], "executed_branches": [[96, 97], [96, 115], [108, 109], [108, 110], [130, 131], [131, 133], [133, 135], [135, 136], [140, 141], [150, 152], [150, 163], [153, 154]], "missing_branches": [[130, 140], [131, 132], [133, 134], [135, 137], [140, 166], [153, 156]]}, "library_validate": {"executed_lines": [194, 196, 197, 198, 201, 202, 203, 211, 219, 220, 222, 223, 226, 227, 228, 231, 232, 233, 234, 235, 236, 237, 240, 241, 242, 243, 244, 245, 247, 248, 249, 250, 251], "summary": {"covered_lines": 33, "num_statements": 45, "percent_covered": 73.84615384615384, "percent_covered_display": "73.85", "missing_lines": 12, "excluded_lines": 0, "num_branches": 20, "num_partial_branches": 5, "covered_branches": 15, "missing_branches": 5}, "missing_lines": [204, 205, 206, 207, 208, 212, 213, 214, 215, 216, 229, 246], "excluded_lines": [], "executed_branches": [[211, 219], [220, 222], [220, 231], [222, 223], [222, 226], [227, 220], [227, 228], [228, 227], [231, 232], [231, 240], [234, 235], [234, 236], [244, 245], [245, 247], [247, 248]], "missing_branches": [[211, 212], [228, 229], [244, 249], [245, 246], [247, 249]]}, "": {"executed_lines": [1, 3, 5, 6, 8, 9, 10, 12, 15, 78, 173], "summary": {"covered_lines": 10, "num_statements": 10, "percent_covered": 100.0, "percent_covered_display": "100.00", "missing_lines": 0, "excluded_lines": 0, "num_branches": 0, "num_partial_branches": 0, "covered_branches": 0, "missing_branches": 0}, "missing_lines": [], "excluded_lines": [], "executed_branches": [], "missing_branches": []}}, "classes": {"": {"executed_lines": [1, 3, 5, 6, 8, 9, 10, 12, 15, 24, 29, 31, 39, 43, 51, 52, 53, 54, 55, 58, 59, 60, 61, 62, 63, 64, 65, 70, 71, 72, 73, 74, 75, 78, 90, 93, 94, 96, 97, 98, 99, 100, 101, 108, 109, 110, 111, 112, 115, 116, 117, 125, 126, 127, 130, 131, 133, 135, 136, 137, 140, 141, 142, 145, 146, 147, 148, 150, 152, 153, 154, 159, 161, 163, 164, 169, 170, 173, 194, 196, 197, 198, 201, 202, 203, 211, 219, 220, 222, 223, 226, 227, 228, 231, 232, 233, 234, 235, 236, 237, 240, 241, 242, 243, 244, 245, 247, 248, 249, 250, 251], "summary": {"covered_lines": 110, "num_statements": 144, "percent_covered": 75.0, "percent_covered_display": "75.00", "missing_lines": 34, "excluded_lines": 0, "num_branches": 44, "num_partial_branches": 13, "covered_branches": 31, "missing_branches": 13}, "missing_lines": [32, 33, 34, 35, 36, 44, 45, 46, 47, 48, 66, 68, 118, 119, 120, 121, 122, 132, 134, 156, 166, 167, 204, 205, 206, 207, 208, 212, 213, 214, 215, 216, 229, 246], "excluded_lines": [], "executed_branches": [[31, 39], [43, 51], [59, 60], [59, 70], [96, 97], [96, 115], [108, 109], [108, 110], [130, 131], [131, 133], [133, 135], [135, 136], [140, 141], [150, 152], [150, 163], [153, 154], [211, 219], [220, 222], [220, 231], [222, 223], [222, 226], [227, 220], [227, 228], [228, 227], [231, 232], [231, 240], [234, 235], [234, 236], [244, 245], [245, 247], [247, 248]], "missing_branches": [[31, 32], [43, 44], [130, 140], [131, 132], [133, 134], [135, 137], [140, 166], [153, 156], [211, 212], [228, 229], [244, 249], [245, 246], [247, 249]]}}}, "src/midi_markdown/cli/commands/play.py": {"executed_lines": [1, 3, 5, 6, 7, 8, 9, 11, 12, 13, 15, 16, 17, 18, 19, 26, 50, 53, 54, 55, 57, 58, 59, 60, 62, 63, 66, 72, 73, 74, 75, 78, 79, 80, 83, 84, 85, 86, 87, 88, 89, 90, 93, 94, 95, 96, 97, 98, 101, 102, 103, 106, 109, 110, 124, 128, 133, 135, 138, 139, 141, 143, 144, 147], "summary": {"covered_lines": 63, "num_statements": 114, "percent_covered": 55.0, "percent_covered_display": "55.00", "missing_lines": 51, "excluded_lines": 0, "num_branches": 26, "num_partial_branches": 2, "covered_branches": 14, "missing_branches": 12}, "missing_lines": [67, 68, 69, 113, 114, 117, 120, 121, 156, 159, 166, 169, 170, 171, 172, 175, 176, 177, 183, 186, 189, 198, 200, 202, 203, 204, 205, 206, 207, 209, 210, 212, 214, 215, 216, 218, 224, 225, 228, 229, 232, 233, 235, 238, 241, 242, 244, 246, 247, 251, 252], "excluded_lines": [], "executed_branches": [[53, 54], [53, 66], [58, 59], [58, 62], [59, 60], [59, 63], [66, 72], [72, 73], [72, 78], [78, 79], [78, 83], [109, 110], [138, 139], [138, 141]], "missing_branches": [[66, 67], [109, 113], [113, 114], [113, 120], [169, 170], [169, 175], [202, 203], [202, 205], [205, 206], [205, 209], [233, 235], [233, 241]], "functions": {"play": {"executed_lines": [50, 53, 54, 55, 57, 58, 59, 60, 62, 63, 66, 72, 73, 74, 75, 78, 79, 80, 83, 84, 85, 86, 87, 88, 89, 90, 93, 94, 95, 96, 97, 98, 101, 102, 103, 106, 109, 110], "summary": {"covered_lines": 38, "num_statements": 46, "percent_covered": 80.64516129032258, "percent_covered_display": "80.65", "missing_lines": 8, "excluded_lines": 0, "num_branches": 16, "num_partial_branches": 2, "covered_branches": 12, "missing_branches": 4}, "missing_lines": [67, 68, 69, 113, 114, 117, 120, 121], "excluded_lines": [], "executed_branches": [[53, 54], [53, 66], [58, 59], [58, 62], [59, 60], [59, 63], [66, 72], [72, 73], [72, 78], [78, 79], [78, 83], [109, 110]], "missing_branches": [[66, 67], [109, 113], [113, 114], [113, 120]]}, "_play_simple": {"executed_lines": [128, 133, 135, 138, 139, 141, 143, 144], "summary": {"covered_lines": 8, "num_statements": 8, "percent_covered": 100.0, "percent_covered_display": "100.00", "missing_lines": 0, "excluded_lines": 0, "num_branches": 2, "num_partial_branches": 0, "covered_branches": 2, "missing_branches": 0}, "missing_lines": [], "excluded_lines": [], "executed_branches": [[138, 139], [138, 141]], "missing_branches": []}, "_play_with_tui": {"executed_lines": [], "summary": {"covered_lines": 0, "num_statements": 24, "percent_covered": 0.0, "percent_covered_display": "0.00", "missing_lines": 24, "excluded_lines": 0, "num_branches": 2, "num_partial_branches": 0, "covered_branches": 0, "missing_branches": 2}, "missing_lines": [156, 159, 166, 186, 189, 198, 200, 212, 218, 224, 225, 228, 229, 232, 233, 235, 238, 241, 242, 244, 246, 247, 251, 252], "excluded_lines": [], "executed_branches": [], "missing_branches": [[233, 235], [233, 241]]}, "_play_with_tui.on_event_sent": {"executed_lines": [], "summary": {"covered_lines": 0, "num_statements": 8, "percent_covered": 0.0, "percent_covered_display": "0.00", "missing_lines": 8, "excluded_lines": 0, "num_branches": 2, "num_partial_branches": 0, "covered_branches": 0, "missing_branc
[...]
, 159, 170, 181, 194, 214, 225], "summary": {"covered_lines": 16, "num_statements": 16, "percent_covered": 100.0, "percent_covered_display": "100.00", "missing_lines": 0, "excluded_lines": 0, "num_branches": 0, "num_partial_branches": 0, "covered_branches": 0, "missing_branches": 0}, "missing_lines": [], "excluded_lines": [], "executed_branches": [], "missing_branches": []}}, "classes": {"DocumentValidator": {"executed_lines": [20, 31, 34, 37, 38, 40, 48, 50, 51, 55, 56, 58, 60, 71, 72, 76, 85, 86, 89, 90, 91, 92, 93, 98, 99, 100, 101, 102, 103, 104, 105, 106, 108, 110, 111, 122, 123, 124, 125, 126, 131, 132, 133, 134, 135, 142, 143, 144, 145, 146, 151, 152, 153, 154, 155, 162, 163, 164, 165, 166, 173, 174, 175, 176, 177, 217, 232, 233, 234, 235, 236, 241, 242, 243, 244], "summary": {"covered_lines": 75, "num_statements": 105, "percent_covered": 67.87878787878788, "percent_covered_display": "67.88", "missing_lines": 30, "excluded_lines": 0, "num_branches": 60, "num_partial_branches": 15, "covered_branches": 37, "missing_branches": 23}, "missing_lines": [52, 59, 61, 63, 107, 109, 113, 115, 184, 185, 186, 187, 188, 197, 198, 199, 200, 201, 206, 207, 208, 209, 210, 218, 219, 220, 221, 245, 246, 247], "excluded_lines": [], "executed_branches": [[37, 38], [37, 40], [48, -42], [48, 50], [50, 51], [51, 55], [55, 56], [56, 48], [56, 58], [58, 60], [85, 86], [85, 89], [89, 90], [89, 98], [98, 99], [98, 100], [100, 101], [100, 102], [102, 103], [102, 104], [104, 105], [104, 106], [106, 108], [108, 110], [110, -65], [110, 111], [122, 123], [131, 132], [142, 143], [151, 152], [162, 163], [173, 174], [217, -214], [234, 235], [241, -225], [241, 242], [242, 243]], "missing_branches": [[50, 55], [51, 52], [55, 61], [58, 59], [61, 48], [61, 63], [106, 107], [108, 109], [122, 131], [131, -119], [142, 151], [151, -139], [162, -159], [173, -170], [184, -181], [184, 185], [197, 198], [197, 206], [206, -194], [206, 207], [217, 218], [234, 241], [242, 241]]}, "": {"executed_lines": [1, 3, 5, 6, 9, 10, 18, 22, 42, 65, 119, 139, 159, 170, 181, 194, 214, 225], "summary": {"covered_lines": 16, "num_statements": 16, "percent_covered": 100.0, "percent_covered_display": "100.00", "missing_lines": 0, "excluded_lines": 0, "num_branches": 0, "num_partial_branches": 0, "covered_branches": 0, "missing_branches": 0}, "missing_lines": [], "excluded_lines": [], "executed_branches": [], "missing_branches": []}}}, "src/midi_markdown/utils/validation/errors.py": {"executed_lines": [1, 3, 6, 7, 9, 26, 27, 28, 29, 30, 31, 33, 35, 36, 37, 38, 39], "summary": {"covered_lines": 15, "num_statements": 15, "percent_covered": 100.0, "percent_covered_display": "100.00", "missing_lines": 0, "excluded_lines": 0, "num_branches": 4, "num_partial_branches": 0, "covered_branches": 4, "missing_branches": 0}, "missing_lines": [], "excluded_lines": [], "executed_branches": [[35, 36], [35, 37], [37, 38], [37, 39]], "missing_branches": [], "functions": {"ValidationError.__init__": {"executed_lines": [26, 27, 28, 29, 30, 31], "summary": {"covered_lines": 6, "num_statements": 6, "percent_covered": 100.0, "percent_covered_display": "100.00", "missing_lines": 0, "excluded_lines": 0, "num_branches": 0, "num_partial_branches": 0, "covered_branches": 0, "missing_branches": 0}, "missing_lines": [], "excluded_lines": [], "executed_branches": [], "missing_branches": []}, "ValidationError._format_message": {"executed_lines": [35, 36, 37, 38, 39], "summary": {"covered_lines": 5, "num_statements": 5, "percent_covered": 100.0, "percent_covered_display": "100.00", "missing_lines": 0, "excluded_lines": 0, "num_branches": 4, "num_partial_branches": 0, "covered_branches": 4, "missing_branches": 0}, "missing_lines": [], "excluded_lines": [], "executed_branches": [[35, 36], [35, 37], [37, 38], [37, 39]], "missing_branches": []}, "": {"executed_lines": [1, 3, 6, 7, 9, 33], "summary": {"covered_lines": 4, "num_statements": 4, "percent_covered": 100.0, "percent_covered_display": "100.00", "missing_lines": 0, "excluded_lines": 0, "num_branches": 0, "num_partial_branches": 0, "covered_branches": 0, "missing_branches": 0}, "missing_lines": [], "excluded_lines": [], "executed_branches": [], "missing_branches": []}}, "classes": {"ValidationError": {"executed_lines": [26, 27, 28, 29, 30, 31, 35, 36, 37, 38, 39], "summary": {"covered_lines": 11, "num_statements": 11, "percent_covered": 100.0, "percent_covered_display": "100.00", "missing_lines": 0, "excluded_lines": 0, "num_branches": 4, "num_partial_branches": 0, "covered_branches": 4, "missing_branches": 0}, "missing_lines": [], "excluded_lines": [], "executed_branches": [[35, 36], [35, 37], [37, 38], [37, 39]], "missing_branches": []}, "": {"executed_lines": [1, 3, 6, 7, 9, 33], "summary": {"covered_lines": 4, "num_statements": 4, "percent_covered": 100.0, "percent_covered_display": "100.00", "missing_lines": 0, "excluded_lines": 0, "num_branches": 0, "num_partial_branches": 0, "covered_branches": 0, "missing_branches": 0}, "missing_lines": [], "excluded_lines": [], "executed_branches": [], "missing_branches": []}}}, "src/midi_markdown/utils/validation/timing_validator.py": {"executed_lines": [1, 3, 5, 8, 9, 17, 18, 19, 20, 21, 23, 32, 33, 34, 35, 38, 39, 40, 43, 45, 47, 55, 57, 59, 60, 61, 64, 65, 66, 67, 70, 71, 74, 75, 76, 77, 78, 79, 80, 82, 83, 94, 96, 102, 103, 112, 113, 123, 130, 131, 141, 148, 150, 151, 152, 165, 166, 168, 177, 178, 179], "summary": {"covered_lines": 59, "num_statements": 60, "percent_covered": 95.74468085106383, "percent_covered_display": "95.74", "missing_lines": 1, "excluded_lines": 0, "num_branches": 34, "num_partial_branches": 3, "covered_branches": 31, "missing_branches": 3}, "missing_lines": [68], "excluded_lines": [], "executed_branches": [[38, 39], [38, 43], [57, -47], [57, 59], [59, 60], [60, 61], [60, 64], [65, 66], [65, 67], [67, 70], [70, 71], [70, 74], [74, 75], [74, 76], [76, 77], [76, 78], [78, 79], [78, 80], [80, 82], [82, 83], [82, 94], [102, 103], [102, 112], [112, -96], [112, 113], [130, -123], [130, 131], [150, 151], [150, 165], [165, -141], [165, 166]], "missing_branches": [[59, 64], [67, 68], [80, 94]], "functions": {"TimingValidator.__init__": {"executed_lines": [18, 19, 20, 21], "summary": {"covered_lines": 4, "num_statements": 4, "percent_covered": 100.0, "percent_covered_display": "100.00", "missing_lines": 0, "excluded_lines": 0, "num_branches": 0, "num_partial_branches": 0, "covered_branches": 0, "missing_branches": 0}, "missing_lines": [], "excluded_lines": [], "executed_branches": [], "missing_branches": []}, "TimingValidator.validate": {"executed_lines": [32, 33, 34, 35, 38, 39, 40, 43, 45], "summary": {"covered_lines": 9, "num_statements": 9, "percent_covered": 100.0, "percent_covered_display": "100.00", "missing_lines": 0, "excluded_lines": 0, "num_branches": 2, "num_partial_branches": 0, "covered_branches": 2, "missing_branches": 0}, "missing_lines": [], "excluded_lines": [], "executed_branches": [[38, 39], [38, 43]], "missing_branches": []}, "TimingValidator._validate_events": {"executed_lines": [55, 57, 59, 60, 61, 64, 65, 66, 67, 70, 71, 74, 75, 76, 77, 78, 79, 80, 82, 83, 94], "summary": {"covered_lines": 21, "num_statements": 22, "percent_covered": 90.9090909090909, "percent_covered_display": "90.91", "missing_lines": 1, "excluded_lines": 0, "num_branches": 22, "num_partial_branches": 3, "covered_branches": 19, "missing_branches": 3}, "missing_lines": [68], "excluded_lines": [], "executed_branches": [[57, -47], [57, 59], [59, 60], [60, 61], [60, 64], [65, 66], [65, 67], [67, 70], [70, 71], [70, 74], [74, 75], [74, 76], [76, 77], [76, 78], [78, 79], [78, 80], [80, 82], [82, 83], [82, 94]], "missing_branches": [[59, 64], [67, 68], [80, 94]]}, "TimingValidator._validate_musical_timing": {"executed_lines": [102, 103, 112, 113], "summary": {"covered_lines": 4, "num_statements": 4, "percent_covered": 100.0, "percent_covered_display": "100.00", "missing_lines": 0, "excluded_lines": 0, "num_branches": 4, "num_partial_branches": 0, "covered_branches": 4, "missing_branches": 0}, "missing_lines": [], "excluded_lines": [], "executed_branches": [[102, 103], [102, 112], [112, -96], [112, 113]], "missing_branches": []}, "TimingValidator._validate_relative_timing": {"executed_lines": [130, 131], "summary": {"covered_lines": 2, "num_statements": 2, "percent_covered": 100.0, "percent_covered_display": "100.00", "missing_lines": 0, "excluded_lines": 0, "num_branches": 2, "num_partial_branches": 0, "covered_branches": 2, "missing_branches": 0}, "missing_lines": [], "excluded_lines": [], "executed_branches": [[130, -123], [130, 131]], "missing_branches": []}, "TimingValidator._validate_absolute_timing": {"executed_lines": [148, 150, 151, 152, 165, 166], "summary": {"covered_lines": 6, "num_statements": 6, "percent_covered": 100.0, "percent_covered_display": "100.00", "missing_lines": 0, "excluded_lines": 0, "num_branches": 4, "num_partial_branches": 0, "covered_branches": 4, "missing_branches": 0}, "missing_lines": [], "excluded_lines": [], "executed_branches": [[150, 151], [150, 165], [165, -141], [165, 166]], "missing_branches": []}, "TimingValidator._format_time": {"executed_lines": [177, 178, 179], "summary": {"covered_lines": 3, "num_statements": 3, "percent_covered": 100.0, "percent_covered_display": "100.00", "missing_lines": 0, "excluded_lines": 0, "num_branches": 0, "num_partial_branches": 0, "covered_branches": 0, "missing_branches": 0}, "missing_lines": [], "excluded_lines": [], "executed_branches": [], "missing_branches": []}, "": {"executed_lines": [1, 3, 5, 8, 9, 17, 23, 47, 96, 123, 141, 168], "summary": {"covered_lines": 10, "num_statements": 10, "percent_covered": 100.0, "percent_covered_display": "100.00", "missing_lines": 0, "excluded_lines": 0, "num_branches": 0, "num_partial_branches": 0, "covered_branches": 0, "missing_branches": 0}, "missing_lines": [], "excluded_lines": [], "executed_branches": [], "missing_branches": []}}, "classes": {"TimingValidator": {"executed_lines": [18, 19, 20, 21, 32, 33, 34, 35, 38, 39, 40, 43, 45, 55, 57, 59, 60, 61, 64, 65, 66, 67, 70, 71, 74, 75, 76, 77, 78, 79, 80, 82, 83, 94, 102, 103, 112, 113, 130, 131, 148, 150, 151, 152, 165, 166, 177, 178, 179], "summary": {"covered_lines": 49, "num_statements": 50, "percent_covered": 95.23809523809524, "percent_covered_display": "95.24", "missing_lines": 1, "excluded_lines": 0, "num_branches": 34, "num_partial_branches": 3, "covered_branches": 31, "missing_branches": 3}, "missing_lines": [68], "excluded_lines": [], "executed_branches": [[38, 39], [38, 43], [57, -47], [57, 59], [59, 60], [60, 61], [60, 64], [65, 66], [65, 67], [67, 70], [70, 71], [70, 74], [74, 75], [74, 76], [76, 77], [76, 78], [78, 79], [78, 80], [80, 82], [82, 83], [82, 94], [102, 103], [102, 112], [112, -96], [112, 113], [130, -123], [130, 131], [150, 151], [150, 165], [165, -141], [165, 166]], "missing_branches": [[59, 64], [67, 68], [80, 94]]}, "": {"executed_lines": [1, 3, 5, 8, 9, 17, 23, 47, 96, 123, 141, 168], "summary": {"covered_lines": 10, "num_statements": 10, "percent_covered": 100.0, "percent_covered_display": "100.00", "missing_lines": 0, "excluded_lines": 0, "num_branches": 0, "num_partial_branches": 0, "covered_branches": 0, "missing_branches": 0}, "missing_lines": [], "excluded_lines": [], "executed_branches": [], "missing_branches": []}}}, "src/midi_markdown/utils/validation/value_validator.py": {"executed_lines": [1, 3, 5, 17, 19, 22, 34, 35, 38, 39, 45, 46, 57, 58, 64, 65, 71, 72, 81, 82, 88, 89, 97, 98, 110, 111, 112, 113, 114, 115, 122, 123, 124, 129, 131, 137, 138, 147, 148, 154, 155, 161, 162, 171, 179, 180, 186, 187, 197, 222, 223, 229, 230, 236, 237, 246, 254, 255, 261, 262, 271, 272, 279, 280, 286, 287, 296, 297, 304, 305, 306], "summary": {"covered_lines": 69, "num_statements": 81, "percent_covered": 82.17054263565892, "percent_covered_display": "82.17", "missing_lines": 12, "excluded_lines": 0, "num_branches": 48, "num_partial_branches": 3, "covered_branches": 37, "missing_branches": 11}, "missing_lines": [172, 198, 200, 201, 202, 203, 204, 209, 210, 215, 216, 247], "excluded_lines": [], "executed_branches": [[57, 58], [57, 64], [64, -45], [64, 65], [81, 82], [81, 88], [88, -71], [88, 89], [110, 111], [110, 122], [122, 123], [122, 131], [123, 124], [123, 129], [147, 148], [147, 154], [154, -137], [154, 155], [171, 179], [179, -161], [179, 180], [197, 222], [222, 223], [222, 229], [229, -186], [229, 230], [246, 254], [254, -236], [254, 255], [271, 272], [271, 279], [279, -261], [279, 280], [296, 297], [296, 304], [304, -286], [304, 305]], "missing_branches": [[171, 172], [197, 198], [198, 200], [198, 216], [200, 201], [200, 215], [203, 204], [203, 209], [209, 210], [209, 215], [246, 247]], "functions": {"_suggest_in_range": {"executed_lines": [34, 35], "summary": {"covered_lines": 2, "num_statements": 2, "percent_covered": 100.0, "percent_covered_display": "100.00", "missing_lines": 0, "excluded_lines": 0, "num_branches": 0, "num_partial_branches": 0, "covered_branches": 0, "missing_branches": 0}, "missing_lines": [], "excluded_lines": [], "executed_branches": [], "missing_branches": []}, "Validator.validate_midi_value": {"executed_lines": [57, 58, 64, 65], "summary": {"covered_lines": 4, "num_statements": 4, "percent_covered": 100.0, "percent_covered_display": "100.00", "missing_lines": 0, "excluded_lines": 0, "num_branches": 4, "num_partial_branches": 0, "covered_branches": 4, "missing_branches": 0}, "missing_lines": [], "excluded_lines": [], "executed_branches": [[57, 58], [57, 64], [64, -45], [64, 65]], "missing_branches": []}, "Validator.validate_channel": {"executed_lines": [81, 82, 88, 89], "summary": {"covered_lines": 4, "num_statements": 4, "percent_covered": 100.0, "percent_covered_display": "100.00", "missing_lines": 0, "excluded_lines": 0, "num_branches": 4, "num_partial_branches": 0, "covered_branches": 4, "missing_branches": 0}, "missing_lines": [], "excluded_lines": [], "executed_branches": [[81, 82], [81, 88], [88, -71], [88, 89]], "missing_branches": []}, "Validator.validate_note": {"executed_lines": [110, 111, 112, 113, 114, 115, 122, 123, 124, 129, 131], "summary": {"covered_lines": 11, "num_statements": 11, "percent_covered": 100.0, "percent_covered_display": "100.00", "missing_lines": 0, "excluded_lines": 0, "num_branches": 6, "num_partial_branches": 0, "covered_branches": 6, "missing_branches": 0}, "missing_lines": [], "excluded_lines": [], "executed_branches": [[110, 111], [110, 122], [122, 123], [122, 131], [123, 124], [123, 129]], "missing_branches": []}, "Validator.validate_velocity": {"executed_lines": [147, 148, 154, 155], "summary": {"covered_lines": 4, "num_statements": 4, "percent_covered": 100.0, "percent_covered_display": "100.00", "missing_lines": 0, "excluded_lines": 0, "num_branches": 4, "num_partial_branches": 0, "covered_branches": 4, "missing_branches": 0}, "missing_lines": [], "excluded_lines": [], "executed_branches": [[147, 148], [147, 154], [154, -137], [154, 155]], "missing_branches": []}, "Validator.validate_cc_controller": {"executed_lines": [171, 179, 180], "summary": {"covered_lines": 3, "num_statements": 4, "percent_covered": 75.0, "percent_covered_display": "75.00", "missing_lines": 1, "excluded_lines": 0, "num_branches": 4, "num_partial_branches": 1, "covered_branches": 3, "missing_branches": 1}, "missing_lines": [172], "excluded_lines": [], "executed_branches": [[171, 179], [179, -161], [179, 180]], "missing_branches": [[171, 172]]}, "Validator.validate_cc_value": {"executed_lines": [197, 222, 223, 229, 230], "summary": {"covered_lines": 5, "num_statements": 15, "percent_covered": 34.48275862068966, "percent_covered_display": "34.48", "missing_lines": 10, "excluded_lines": 0, "num_branches": 14, "num_partial_branches": 1, "covered_branches": 5, "missing_branches": 9}, "missing_lines": [198, 200, 201, 202, 203, 204, 209, 210, 215, 216], "excluded_lines": [], "executed_branches": [[197, 222], [222, 223], [222, 229], [229, -186], [229, 230]], "missing_branches": [[197, 198], [198, 200], [198, 216], [200, 201], [200, 215], [203, 204], [203, 209], [209, 210], [209, 215]]}, "Validator.validate_program": {"executed_lines": [246, 254, 255], "summary": {"covered_lines": 3, "num_statements": 4, "percent_covered": 75.0, "percent_covered_display": "75.00", "missing_lines": 1, "excluded_lines": 0, "num_branches": 4, "num_partial_branches": 1, "covered_branches": 3, "missing_branches": 1}, "missing_lines": [247], "excluded_lines": [], "executed_branches": [[246, 254], [254, -236], [254, 255]], "missing_branches": [[246, 247]]}, "Validator.validate_pitch_bend": {"executed_lines": [271, 272, 279, 280], "summary": {"covered_lines": 4, "num_statements": 4, "percent_covered": 100.0, "percent_covered_display": "100.00", "missing_lines": 0, "excluded_lines": 0, "num_branches": 4, "num_partial_branches": 0, "covered_branches": 4, "missing_branches": 0}, "missing_lines": [], "excluded_lines": [], "executed_branches": [[271, 272], [271, 279], [279, -261], [279, 280]], "missing_branches": []}, "Validator.validate_tempo": {"executed_lines": [296, 297, 304, 305, 306], "summary": {"covered_lines": 5, "num_statements": 5, "percent_covered": 100.0, "percent_covered_display": "100.00", "missing_lines": 0, "excluded_lines": 0, "num_branches": 4, "num_partial_branches": 0, "covered_branches": 4, "missing_branches": 0}, "missing_lines": [], "excluded_lines": [], "executed_branches": [[296, 297], [296, 304], [304, -286], [304, 305]], "missing_branches": []}, "": {"executed_lines": [1, 3, 5, 17, 19, 22, 38, 39, 45, 46, 71, 72, 97, 98, 137, 138, 161, 162, 186, 187, 236, 237, 261, 262, 286, 287], "summary": {"covered_lines": 24, "num_statements": 24, "percent_covered": 100.0, "percent_covered_display": "100.00", "missing_lines": 0, "excluded_lines": 0, "num_branches": 0, "num_partial_branches": 0, "covered_branches": 0, "missing_branches": 0}, "missing_lines": [], "excluded_lines": [], "executed_branches": [], "missing_branches": []}}, "classes": {"Validator": {"executed_lines": [57, 58, 64, 65, 81, 82, 88, 89, 110, 111, 112, 113, 114, 115, 122, 123, 124, 129, 131, 147, 148, 154, 155, 171, 179, 180, 197, 222, 223, 229, 230, 246, 254, 255, 271, 272, 279, 280, 296, 297, 304, 305, 306], "summary": {"covered_lines": 43, "num_statements": 55, "percent_covered": 77.66990291262135, "percent_covered_display": "77.67", "missing_lines": 12, "excluded_lines": 0, "num_branches": 48, "num_partial_branches": 3, "covered_branches": 37, "missing_branches": 11}, "missing_lines": [172, 198, 200, 201, 202, 203, 204, 209, 210, 215, 216, 247], "excluded_lines": [], "executed_branches": [[57, 58], [57, 64], [64, -45], [64, 65], [81, 82], [81, 88], [88, -71], [88, 89], [110, 111], [110, 122], [122, 123], [122, 131], [123, 124], [123, 129], [147, 148], [147, 154], [154, -137], [154, 155], [171, 179], [179, -161], [179, 180], [197, 222], [222, 223], [222, 229], [229, -186], [229, 230], [246, 254], [254, -236], [254, 255], [271, 272], [271, 279], [279, -261], [279, 280], [296, 297], [296, 304], [304, -286], [304, 305]], "missing_branches": [[171, 172], [197, 198], [198, 200], [198, 216], [200, 201], [200, 215], [203, 204], [203, 209], [209, 210], [209, 215], [246, 247]]}, "": {"executed_lines": [1, 3, 5, 17, 19, 22, 34, 35, 38, 39, 45, 46, 71, 72, 97, 98, 137, 138, 161, 162, 186, 187, 236, 237, 261, 262, 286, 287], "summary": {"covered_lines": 26, "num_statements": 26, "percent_covered": 100.0, "percent_covered_display": "100.00", "missing_lines": 0, "excluded_lines": 0, "num_branches": 0, "num_partial_branches": 0, "covered_branches": 0, "missing_branches": 0}, "missing_lines": [], "excluded_lines": [], "executed_branches": [], "missing_branches": []}}}}, "totals": {"covered_lines": 4253, "num_statements": 5228, "percent_covered": 78.0558628318584, "percent_covered_display": "78.06", "missing_lines": 975, "excluded_lines": 30, "num_branches": 2004, "num_partial_branches": 318, "covered_branches": 1392, "missing_branches": 612}}